info: ::1 - - [19/Aug/2024:18:32:32 +0000] "POST /api/v1/users/reset-Password HTTP/1.1" 400 55 "-" "PostmanRuntime/7.41.1"

info: ::1 - - [19/Aug/2024:18:32:59 +0000] "POST /api/v1/users/forgot-password HTTP/1.1" 400 39 "-" "PostmanRuntime/7.41.1"

info: ::1 - - [19/Aug/2024:18:33:20 +0000] "POST /api/v1/users/forgot-password HTTP/1.1" 400 61 "-" "PostmanRuntime/7.41.1"

info: ::1 - - [19/Aug/2024:18:33:59 +0000] "POST /api/v1/users/login HTTP/1.1" 200 627 "-" "PostmanRuntime/7.41.1"

info: ::1 - - [19/Aug/2024:18:34:16 +0000] "POST /api/v1/users/forgot-password HTTP/1.1" 400 61 "-" "PostmanRuntime/7.41.1"

info: ::1 - - [19/Aug/2024:18:34:38 +0000] "POST /api/v1/users/forgot-password HTTP/1.1" 400 61 "-" "PostmanRuntime/7.41.1"

info: ::1 - - [19/Aug/2024:19:39:23 +0000] "POST /api/v1/users/createuser HTTP/1.1" 201 327 "-" "PostmanRuntime/7.41.1"

info: ::1 - - [19/Aug/2024:19:40:39 +0000] "POST /api/v1/users/login HTTP/1.1" 200 620 "-" "PostmanRuntime/7.41.1"

info: ::1 - - [19/Aug/2024:19:44:13 +0000] "POST /api/v1/users/login HTTP/1.1" 200 620 "-" "PostmanRuntime/7.41.1"

info: ::1 - - [19/Aug/2024:19:44:38 +0000] "POST /api/v1/users/createuser HTTP/1.1" 201 327 "-" "PostmanRuntime/7.41.1"

info: ::1 - - [19/Aug/2024:19:44:44 +0000] "POST /api/v1/users/login HTTP/1.1" 200 620 "-" "PostmanRuntime/7.41.1"

info: ::1 - - [19/Aug/2024:19:47:49 +0000] "POST /api/v1/users/createuser HTTP/1.1" 201 327 "-" "PostmanRuntime/7.41.1"

info: ::1 - - [19/Aug/2024:19:47:55 +0000] "POST /api/v1/users/login HTTP/1.1" 200 385 "-" "PostmanRuntime/7.41.1"

info: ::1 - - [19/Aug/2024:19:49:47 +0000] "POST /api/v1/users/forgot-password HTTP/1.1" 200 290 "-" "PostmanRuntime/7.41.1"

info: ::1 - - [19/Aug/2024:19:50:22 +0000] "POST /api/v1/users/reset-Password HTTP/1.1" 401 63 "-" "PostmanRuntime/7.41.1"

info: ::1 - - [19/Aug/2024:19:52:33 +0000] "POST /api/v1/users/reset-Password HTTP/1.1" 401 63 "-" "PostmanRuntime/7.41.1"

info: ::1 - - [19/Aug/2024:19:52:57 +0000] "POST /api/v1/users/reset-Password HTTP/1.1" 401 63 "-" "PostmanRuntime/7.41.1"

info: ::1 - - [19/Aug/2024:19:53:11 +0000] "POST /api/v1/users/reset-Password HTTP/1.1" 401 63 "-" "PostmanRuntime/7.41.1"

info: ::1 - - [19/Aug/2024:19:54:05 +0000] "POST /api/v1/users/forgot-password HTTP/1.1" 200 290 "-" "PostmanRuntime/7.41.1"

info: ::1 - - [19/Aug/2024:19:54:27 +0000] "POST /api/v1/users/reset-Password HTTP/1.1" 401 63 "-" "PostmanRuntime/7.41.1"

info: ::1 - - [19/Aug/2024:19:54:29 +0000] "POST /api/v1/users/reset-Password HTTP/1.1" 401 63 "-" "PostmanRuntime/7.41.1"

info: ::1 - - [19/Aug/2024:19:54:32 +0000] "POST /api/v1/users/reset-Password HTTP/1.1" 401 63 "-" "PostmanRuntime/7.41.1"

info: ::1 - - [19/Aug/2024:19:55:40 +0000] "POST /api/v1/users/reset-Password HTTP/1.1" 401 63 "-" "PostmanRuntime/7.41.1"

info: ::1 - - [19/Aug/2024:19:57:48 +0000] "POST /api/v1/users/reset-Password HTTP/1.1" 401 63 "-" "PostmanRuntime/7.41.1"

info: ::1 - - [19/Aug/2024:20:02:04 +0000] "POST /api/v1/users/forgot-password HTTP/1.1" 200 251 "-" "PostmanRuntime/7.41.1"

info: ::1 - - [19/Aug/2024:20:02:31 +0000] "POST /api/v1/users/reset-Password HTTP/1.1" 400 55 "-" "PostmanRuntime/7.41.1"

info: ::1 - - [19/Aug/2024:20:02:45 +0000] "POST /api/v1/users/reset-Password HTTP/1.1" 400 55 "-" "PostmanRuntime/7.41.1"

info: ::1 - - [19/Aug/2024:20:02:53 +0000] "POST /api/v1/users/reset-Password HTTP/1.1" 400 55 "-" "PostmanRuntime/7.41.1"

info: ::1 - - [19/Aug/2024:20:03:09 +0000] "POST /api/v1/users/reset-password HTTP/1.1" 400 55 "-" "PostmanRuntime/7.41.1"

info: ::1 - - [19/Aug/2024:20:03:17 +0000] "POST /api/v1/users/reset-password HTTP/1.1" 400 55 "-" "PostmanRuntime/7.41.1"

info: ::1 - - [19/Aug/2024:20:03:36 +0000] "POST /api/v1/users/forgot-password HTTP/1.1" 200 251 "-" "PostmanRuntime/7.41.1"

info: ::1 - - [19/Aug/2024:20:08:24 +0000] "POST /api/v1/users/forgot-password HTTP/1.1" 200 251 "-" "PostmanRuntime/7.41.1"

info: ::1 - - [19/Aug/2024:20:08:55 +0000] "POST /api/v1/users/reset-password HTTP/1.1" 400 55 "-" "PostmanRuntime/7.41.1"

info: ::1 - - [19/Aug/2024:20:12:28 +0000] "POST /api/v1/users/reset-password HTTP/1.1" 400 53 "-" "PostmanRuntime/7.41.1"

info: ::1 - - [19/Aug/2024:20:15:08 +0000] "POST /api/v1/users/reset-password HTTP/1.1" 400 50 "-" "PostmanRuntime/7.41.1"

info: ::1 - - [19/Aug/2024:20:19:18 +0000] "POST /api/v1/users/forgot-password HTTP/1.1" 200 251 "-" "PostmanRuntime/7.41.1"

info: ::1 - - [19/Aug/2024:20:19:34 +0000] "POST /api/v1/users/reset-password HTTP/1.1" 400 53 "-" "PostmanRuntime/7.41.1"

info: ::1 - - [19/Aug/2024:20:20:16 +0000] "POST /api/v1/users/reset-password HTTP/1.1" 400 53 "-" "PostmanRuntime/7.41.1"

info: ::1 - - [19/Aug/2024:20:21:53 +0000] "POST /api/v1/users/reset-password HTTP/1.1" 400 53 "-" "PostmanRuntime/7.41.1"

info: ::1 - - [19/Aug/2024:20:27:05 +0000] "POST /api/v1/users/reset-password HTTP/1.1" 401 63 "-" "PostmanRuntime/7.41.1"

info: ::1 - - [19/Aug/2024:20:29:55 +0000] "POST /api/v1/users/reset-password HTTP/1.1" 401 63 "-" "PostmanRuntime/7.41.1"

info: ::1 - - [19/Aug/2024:20:34:48 +0000] "POST /api/v1/users/forgot-password HTTP/1.1" 200 251 "-" "PostmanRuntime/7.41.1"

info: ::1 - - [19/Aug/2024:20:35:16 +0000] "POST /api/v1/users/reset-password HTTP/1.1" 400 56 "-" "PostmanRuntime/7.41.1"

info: ::1 - - [19/Aug/2024:20:35:28 +0000] "POST /api/v1/users/reset-password HTTP/1.1" 401 63 "-" "PostmanRuntime/7.41.1"

info: ::1 - - [19/Aug/2024:20:35:38 +0000] "POST /api/v1/users/login HTTP/1.1" 401 53 "-" "PostmanRuntime/7.41.1"

info: ::1 - - [19/Aug/2024:20:36:15 +0000] "POST /api/v1/users/createuser HTTP/1.1" 201 327 "-" "PostmanRuntime/7.41.1"

info: ::1 - - [19/Aug/2024:20:36:45 +0000] "POST /api/v1/users/login HTTP/1.1" 401 41 "-" "PostmanRuntime/7.41.1"

info: ::1 - - [19/Aug/2024:20:37:01 +0000] "POST /api/v1/users/login HTTP/1.1" 401 53 "-" "PostmanRuntime/7.41.1"

info: ::1 - - [19/Aug/2024:20:44:22 +0000] "POST /api/v1/users/reset-password HTTP/1.1" 401 63 "-" "PostmanRuntime/7.41.1"

info: ::1 - - [19/Aug/2024:20:44:31 +0000] "POST /api/v1/users/reset-password HTTP/1.1" 401 63 "-" "PostmanRuntime/7.41.1"

info: ::1 - - [19/Aug/2024:20:49:39 +0000] "POST /api/v1/users/reset-password HTTP/1.1" 400 53 "-" "PostmanRuntime/7.41.1"

info: ::1 - - [19/Aug/2024:20:49:47 +0000] "POST /api/v1/users/reset-password HTTP/1.1" 400 53 "-" "PostmanRuntime/7.41.1"

info: ::1 - - [19/Aug/2024:20:50:32 +0000] "POST /api/v1/users/login HTTP/1.1" 200 385 "-" "PostmanRuntime/7.41.1"

info: ::1 - - [19/Aug/2024:20:50:48 +0000] "POST /api/v1/users/forgot-password HTTP/1.1" 200 251 "-" "PostmanRuntime/7.41.1"

info: ::1 - - [19/Aug/2024:20:51:13 +0000] "POST /api/v1/users/reset-password HTTP/1.1" 401 63 "-" "PostmanRuntime/7.41.1"

info: ::1 - - [19/Aug/2024:20:51:22 +0000] "POST /api/v1/users/reset-password HTTP/1.1" 401 63 "-" "PostmanRuntime/7.41.1"

info: ::1 - - [19/Aug/2024:20:55:40 +0000] "POST /api/v1/users/reset-password HTTP/1.1" 401 63 "-" "PostmanRuntime/7.41.1"

info: ::1 - - [19/Aug/2024:20:56:20 +0000] "POST /api/v1/users/reset-password HTTP/1.1" 401 63 "-" "PostmanRuntime/7.41.1"

info: ::1 - - [19/Aug/2024:20:58:04 +0000] "POST /api/v1/users/createuser HTTP/1.1" 201 327 "-" "PostmanRuntime/7.41.1"

info: ::1 - - [19/Aug/2024:20:58:10 +0000] "POST /api/v1/users/login HTTP/1.1" 200 385 "-" "PostmanRuntime/7.41.1"

info: ::1 - - [19/Aug/2024:21:04:05 +0000] "POST /api/v1/users/createuser HTTP/1.1" 201 327 "-" "PostmanRuntime/7.41.1"

info: ::1 - - [19/Aug/2024:21:04:27 +0000] "POST /api/v1/users/login HTTP/1.1" 200 385 "-" "PostmanRuntime/7.41.1"

info: ::1 - - [19/Aug/2024:21:10:38 +0000] "POST /api/v1/users/login HTTP/1.1" 200 385 "-" "PostmanRuntime/7.41.1"

info: ::1 - - [19/Aug/2024:21:10:49 +0000] "POST /api/v1/users/forgot-password HTTP/1.1" 404 40 "-" "PostmanRuntime/7.41.1"

info: ::1 - - [19/Aug/2024:21:10:59 +0000] "POST /api/v1/users/reset-password HTTP/1.1" 404 40 "-" "PostmanRuntime/7.41.1"

info: ::1 - - [19/Aug/2024:21:28:09 +0000] "POST /api/v1/users/login HTTP/1.1" 200 385 "-" "PostmanRuntime/7.41.1"

info: ::1 - - [19/Aug/2024:21:33:31 +0000] "POST /api/v1/users/createuser HTTP/1.1" 201 327 "-" "PostmanRuntime/7.41.1"

info: ::1 - - [19/Aug/2024:21:33:38 +0000] "POST /api/v1/users/login HTTP/1.1" 200 385 "-" "PostmanRuntime/7.41.1"

info: ::1 - - [19/Aug/2024:21:33:59 +0000] "POST /api/v1/users/forgot-password HTTP/1.1" 200 299 "-" "PostmanRuntime/7.41.1"

info: ::1 - - [19/Aug/2024:21:34:49 +0000] "POST /api/v1/users/reset-password HTTP/1.1" 200 54 "-" "PostmanRuntime/7.41.1"

info: ::1 - - [19/Aug/2024:21:35:17 +0000] "POST /api/v1/users/login HTTP/1.1" 401 41 "-" "PostmanRuntime/7.41.1"

info: ::1 - - [19/Aug/2024:21:35:42 +0000] "POST /api/v1/users/login HTTP/1.1" 200 385 "-" "PostmanRuntime/7.41.1"

