info: ::1 - - [18/Aug/2024:18:31:13 +0000] "PUT /api/v1/notes/updateNote/66c23b2b579acc4a2cf3c641 HTTP/1.1" 500 53 "-" "PostmanRuntime/7.41.1"

info: ::1 - - [18/Aug/2024:18:34:55 +0000] "PUT /api/v1/notes/updateNote/66c23b2b579acc4a2cf3c641 HTTP/1.1" 500 53 "-" "PostmanRuntime/7.41.1"

info: ::1 - - [18/Aug/2024:18:35:25 +0000] "GET /api/v1/notes/getAllNote HTTP/1.1" 401 63 "-" "PostmanRuntime/7.41.1"

info: ::1 - - [18/Aug/2024:18:35:45 +0000] "GET /api/v1/notes/getAllNote HTTP/1.1" 500 79 "-" "PostmanRuntime/7.41.1"

info: ::1 - - [18/Aug/2024:18:36:41 +0000] "GET /api/v1/notes/getAllNote HTTP/1.1" 401 63 "-" "PostmanRuntime/7.41.1"

info: ::1 - - [18/Aug/2024:18:48:06 +0000] "GET /api/v1/notes/getAllNote HTTP/1.1" 401 63 "-" "PostmanRuntime/7.41.1"

info: ::1 - - [18/Aug/2024:18:49:39 +0000] "GET /api/v1/notes/getAllNote HTTP/1.1" 200 608 "-" "PostmanRuntime/7.41.1"

info: ::1 - - [18/Aug/2024:18:57:26 +0000] "PUT /api/v1/notes/updateNote/66c23b7e579acc4a2cf3c644 HTTP/1.1" 200 197 "-" "PostmanRuntime/7.41.1"

info: ::1 - - [18/Aug/2024:18:58:15 +0000] "POST /api/v1/notes/createNote HTTP/1.1" 201 207 "-" "PostmanRuntime/7.41.1"

info: ::1 - - [18/Aug/2024:18:59:24 +0000] "POST /api/v1/notes/createNote HTTP/1.1" 201 196 "-" "PostmanRuntime/7.41.1"

info: ::1 - - [18/Aug/2024:19:01:32 +0000] "PUT /api/v1/notes/updateNote/66c2448ca727441ecc050d0c HTTP/1.1" 200 199 "-" "PostmanRuntime/7.41.1"

info: ::1 - - [18/Aug/2024:19:03:27 +0000] "DELETE /api/v1/notes/deleteNote/66c23b7e579acc4a2cf3c644 HTTP/1.1" 200 50 "-" "PostmanRuntime/7.41.1"

info: ::1 - - [18/Aug/2024:19:04:40 +0000] "PUT /api/v1/notes/updateNote/66c24447a727441ecc050d0a HTTP/1.1" 200 198 "-" "PostmanRuntime/7.41.1"

info: ::1 - - [18/Aug/2024:19:20:16 +0000] "GET /api/v1/notes/getAllNote/trash HTTP/1.1" 404 47 "-" "PostmanRuntime/7.41.1"

info: ::1 - - [18/Aug/2024:19:21:50 +0000] "GET /api/v1/notes/getAllNote HTTP/1.1" 200 476 "-" "PostmanRuntime/7.41.1"

info: ::1 - - [18/Aug/2024:19:22:25 +0000] "GET /api/v1/notes/getAllNote HTTP/1.1" 200 193 "-" "PostmanRuntime/7.41.1"

info: ::1 - - [18/Aug/2024:19:22:36 +0000] "GET /api/v1/notes/getAllNote/trash HTTP/1.1" 404 47 "-" "PostmanRuntime/7.41.1"

info: ::1 - - [18/Aug/2024:19:22:40 +0000] "GET /api/v1/notes/trash HTTP/1.1" 200 211 "-" "PostmanRuntime/7.41.1"

info: ::1 - - [18/Aug/2024:19:22:48 +0000] "GET /api/v1/notes/false HTTP/1.1" 404 47 "-" "PostmanRuntime/7.41.1"

info: ::1 - - [18/Aug/2024:19:23:20 +0000] "GET /api/v1/notes/false HTTP/1.1" 404 47 "-" "PostmanRuntime/7.41.1"

info: ::1 - - [18/Aug/2024:19:23:30 +0000] "GET /api/v1/notes/trash HTTP/1.1" 200 211 "-" "PostmanRuntime/7.41.1"

info: ::1 - - [18/Aug/2024:19:23:53 +0000] "GET /api/v1/notes/getAllNote HTTP/1.1" 200 193 "-" "PostmanRuntime/7.41.1"

info: ::1 - - [18/Aug/2024:19:24:32 +0000] "POST /api/v1/notes/createNote HTTP/1.1" 201 193 "-" "PostmanRuntime/7.41.1"

info: ::1 - - [18/Aug/2024:19:24:49 +0000] "GET /api/v1/notes/getAllNote HTTP/1.1" 200 318 "-" "PostmanRuntime/7.41.1"

info: ::1 - - [18/Aug/2024:19:25:10 +0000] "GET /api/v1/notes/archive HTTP/1.1" 200 211 "-" "PostmanRuntime/7.41.1"

info: ::1 - - [18/Aug/2024:19:25:48 +0000] "GET /api/v1/notes/trash HTTP/1.1" 200 211 "-" "PostmanRuntime/7.41.1"

info: ::1 - - [18/Aug/2024:20:10:54 +0000] "POST /api/v1/users/createuser HTTP/1.1" 201 327 "-" "PostmanRuntime/7.41.1"

info: ::1 - - [18/Aug/2024:20:11:18 +0000] "POST /api/v1/users/login HTTP/1.1" 200 393 "-" "PostmanRuntime/7.41.1"

info: ::1 - - [18/Aug/2024:20:12:53 +0000] "POST /api/v1/users/forgotPassword HTTP/1.1" 500 70 "-" "PostmanRuntime/7.41.1"

info: ::1 - - [18/Aug/2024:20:13:15 +0000] "POST /api/v1/users/forgotPassword HTTP/1.1" 500 70 "-" "PostmanRuntime/7.41.1"

info: ::1 - - [18/Aug/2024:20:15:17 +0000] "POST /api/v1/notes/createNote HTTP/1.1" 201 199 "-" "PostmanRuntime/7.41.1"

info: ::1 - - [18/Aug/2024:20:15:36 +0000] "GET /api/v1/notes/getAllNote HTTP/1.1" 200 451 "-" "PostmanRuntime/7.41.1"

info: ::1 - - [18/Aug/2024:20:16:05 +0000] "POST /api/v1/users/forgotPassword HTTP/1.1" 500 70 "-" "PostmanRuntime/7.41.1"

info: ::1 - - [18/Aug/2024:20:16:12 +0000] "POST /api/v1/users/forgotPassword HTTP/1.1" 500 70 "-" "PostmanRuntime/7.41.1"

info: ::1 - - [18/Aug/2024:20:16:20 +0000] "POST /api/v1/users/forgotPassword HTTP/1.1" 500 70 "-" "PostmanRuntime/7.41.1"

info: ::1 - - [18/Aug/2024:20:16:52 +0000] "POST /api/v1/users/forgotPassword HTTP/1.1" 401 63 "-" "PostmanRuntime/7.41.1"

info: ::1 - - [18/Aug/2024:20:17:17 +0000] "POST /api/v1/users/forgotPassword HTTP/1.1" 500 70 "-" "PostmanRuntime/7.41.1"

info: ::1 - - [18/Aug/2024:20:29:46 +0000] "POST /api/v1/users/forgotPassword HTTP/1.1" 404 47 "-" "PostmanRuntime/7.41.1"

info: ::1 - - [18/Aug/2024:20:30:03 +0000] "POST /api/v1/users/forgotPassword HTTP/1.1" 404 47 "-" "PostmanRuntime/7.41.1"

info: ::1 - - [18/Aug/2024:20:30:22 +0000] "POST /api/v1/users/forgotPassword HTTP/1.1" 404 47 "-" "PostmanRuntime/7.41.1"

info: ::1 - - [18/Aug/2024:20:36:06 +0000] "POST /api/v1/users/forgotPassword HTTP/1.1" 404 47 "-" "PostmanRuntime/7.41.1"

info: ::1 - - [18/Aug/2024:20:36:26 +0000] "POST /api/v1/users/forgotPassword HTTP/1.1" 404 47 "-" "PostmanRuntime/7.41.1"

info: ::1 - - [18/Aug/2024:20:38:24 +0000] "POST /api/v1/users/forgotPassword HTTP/1.1" 404 47 "-" "PostmanRuntime/7.41.1"

info: ::1 - - [18/Aug/2024:20:40:42 +0000] "GET /api/v1/notes/trash HTTP/1.1" 200 209 "-" "PostmanRuntime/7.41.1"

info: ::1 - - [18/Aug/2024:20:40:47 +0000] "GET /api/v1/notes/archive HTTP/1.1" 200 209 "-" "PostmanRuntime/7.41.1"

info: ::1 - - [18/Aug/2024:20:40:58 +0000] "GET /api/v1/notes/getAllNote HTTP/1.1" 200 451 "-" "PostmanRuntime/7.41.1"

info: ::1 - - [18/Aug/2024:20:41:07 +0000] "POST /api/v1/notes/createNote HTTP/1.1" 201 199 "-" "PostmanRuntime/7.41.1"

info: ::1 - - [18/Aug/2024:20:41:39 +0000] "POST /api/v1/notes/createNote HTTP/1.1" 401 63 "-" "PostmanRuntime/7.41.1"

info: ::1 - - [18/Aug/2024:20:41:46 +0000] "POST /api/v1/notes/createNote HTTP/1.1" 201 199 "-" "PostmanRuntime/7.41.1"

info: ::1 - - [18/Aug/2024:20:42:09 +0000] "POST /api/v1/users/forgotPassword HTTP/1.1" 404 47 "-" "PostmanRuntime/7.41.1"

info: ::1 - - [18/Aug/2024:20:42:35 +0000] "POST /api/v1/users/forgotPassword HTTP/1.1" 200 133 "-" "PostmanRuntime/7.41.1"

info: ::1 - - [18/Aug/2024:20:43:02 +0000] "POST /api/v1/users/forgotPassword HTTP/1.1" 200 133 "-" "PostmanRuntime/7.41.1"

info: ::1 - - [18/Aug/2024:20:49:01 +0000] "POST /api/v1/users/forgotPassword HTTP/1.1" 200 133 "-" "PostmanRuntime/7.41.1"

info: ::1 - - [18/Aug/2024:20:50:05 +0000] "POST /api/v1/users/forgotPassword HTTP/1.1" 200 133 "-" "PostmanRuntime/7.41.1"

info: ::1 - - [18/Aug/2024:20:50:58 +0000] "POST /api/v1/users/forgotPassword HTTP/1.1" 200 133 "-" "PostmanRuntime/7.41.1"

info: ::1 - - [18/Aug/2024:20:51:26 +0000] "POST /api/v1/users/forgotPassword HTTP/1.1" 200 133 "-" "PostmanRuntime/7.41.1"

info: ::1 - - [18/Aug/2024:20:51:34 +0000] "POST /api/v1/users/forgotPassword HTTP/1.1" 200 133 "-" "PostmanRuntime/7.41.1"

info: ::1 - - [18/Aug/2024:20:51:42 +0000] "POST /api/v1/users/forgotPassword HTTP/1.1" 200 133 "-" "PostmanRuntime/7.41.1"

info: ::1 - - [18/Aug/2024:20:51:49 +0000] "POST /api/v1/users/forgotPassword HTTP/1.1" 200 133 "-" "PostmanRuntime/7.41.1"

info: ::1 - - [18/Aug/2024:20:52:35 +0000] "POST /api/v1/users/forgotPassword HTTP/1.1" 500 67 "-" "PostmanRuntime/7.41.1"

info: ::1 - - [18/Aug/2024:20:56:28 +0000] "POST /api/v1/users/forgotPassword HTTP/1.1" 200 133 "-" "PostmanRuntime/7.41.1"

info: ::1 - - [18/Aug/2024:20:56:35 +0000] "POST /api/v1/users/forgotPassword HTTP/1.1" 200 133 "-" "PostmanRuntime/7.41.1"

info: ::1 - - [18/Aug/2024:20:59:08 +0000] "POST /api/v1/users/forgotPassword HTTP/1.1" 200 133 "-" "PostmanRuntime/7.41.1"

info: ::1 - - [18/Aug/2024:20:59:22 +0000] "POST /api/v1/users/forgotPassword HTTP/1.1" 200 133 "-" "PostmanRuntime/7.41.1"

info: ::1 - - [18/Aug/2024:20:59:31 +0000] "POST /api/v1/users/forgotPassword HTTP/1.1" 401 63 "-" "PostmanRuntime/7.41.1"

info: ::1 - - [18/Aug/2024:20:59:40 +0000] "POST /api/v1/users/forgotPassword HTTP/1.1" 200 133 "-" "PostmanRuntime/7.41.1"

info: ::1 - - [18/Aug/2024:20:59:48 +0000] "POST /api/v1/users/forgotPassword HTTP/1.1" 200 133 "-" "PostmanRuntime/7.41.1"

info: ::1 - - [18/Aug/2024:20:59:52 +0000] "POST /api/v1/users/forgotPassword HTTP/1.1" 200 133 "-" "PostmanRuntime/7.41.1"

info: ::1 - - [18/Aug/2024:21:01:19 +0000] "POST /api/v1/users/forgotPassword HTTP/1.1" 200 133 "-" "PostmanRuntime/7.41.1"

info: ::1 - - [18/Aug/2024:21:01:25 +0000] "POST /api/v1/users/forgotPassword HTTP/1.1" 200 133 "-" "PostmanRuntime/7.41.1"

info: ::1 - - [18/Aug/2024:21:01:32 +0000] "POST /api/v1/users/forgotPassword HTTP/1.1" 200 133 "-" "PostmanRuntime/7.41.1"

info: ::1 - - [18/Aug/2024:21:04:52 +0000] "POST /api/v1/users/forgotPassword HTTP/1.1" 500 67 "-" "PostmanRuntime/7.41.1"

info: ::1 - - [18/Aug/2024:21:05:04 +0000] "POST /api/v1/users/forgotPassword HTTP/1.1" 500 67 "-" "PostmanRuntime/7.41.1"

info: ::1 - - [18/Aug/2024:21:05:23 +0000] "POST /api/v1/users/forgotPassword HTTP/1.1" 500 67 "-" "PostmanRuntime/7.41.1"

info: ::1 - - [18/Aug/2024:21:06:30 +0000] "POST /api/v1/users/forgotPassword HTTP/1.1" 500 67 "-" "PostmanRuntime/7.41.1"

info: ::1 - - [18/Aug/2024:21:06:34 +0000] "POST /api/v1/users/forgotPassword HTTP/1.1" 500 67 "-" "PostmanRuntime/7.41.1"

info: ::1 - - [18/Aug/2024:21:07:39 +0000] "POST /api/v1/users/forgotPassword HTTP/1.1" 200 133 "-" "PostmanRuntime/7.41.1"

info: ::1 - - [18/Aug/2024:21:07:44 +0000] "POST /api/v1/users/forgotPassword HTTP/1.1" 200 133 "-" "PostmanRuntime/7.41.1"

info: ::1 - - [18/Aug/2024:21:08:28 +0000] "POST /api/v1/users/forgotPassword HTTP/1.1" 500 67 "-" "PostmanRuntime/7.41.1"

info: ::1 - - [18/Aug/2024:21:08:34 +0000] "POST /api/v1/users/forgotPassword HTTP/1.1" 500 67 "-" "PostmanRuntime/7.41.1"

