info: ::1 - - [13/Aug/2024:11:41:56 +0000] "POST /api/v1/users/login HTTP/1.1" 404 47 "-" "PostmanRuntime/7.41.0"

info: ::1 - - [13/Aug/2024:12:43:32 +0000] "POST /api/v1/users/createuser HTTP/1.1" - - "-" "PostmanRuntime/7.41.0"

info: ::1 - - [13/Aug/2024:12:47:30 +0000] "POST /api/v1/users/createuser HTTP/1.1" 201 330 "-" "PostmanRuntime/7.41.0"

info: ::1 - - [13/Aug/2024:13:09:49 +0000] "POST /api/v1/users/login HTTP/1.1" 500 19 "-" "PostmanRuntime/7.41.0"

info: ::1 - - [13/Aug/2024:13:11:44 +0000] "POST /api/v1/users/createuser HTTP/1.1" 201 327 "-" "PostmanRuntime/7.41.0"

info: ::1 - - [13/Aug/2024:13:12:25 +0000] "POST /api/v1/users/login HTTP/1.1" 500 19 "-" "PostmanRuntime/7.41.0"

info: ::1 - - [13/Aug/2024:13:13:22 +0000] "POST /api/v1/users/login HTTP/1.1" 500 19 "-" "PostmanRuntime/7.41.0"

info: ::1 - - [13/Aug/2024:13:13:50 +0000] "POST /api/v1/users/login HTTP/1.1" 500 22 "-" "PostmanRuntime/7.41.0"

info: ::1 - - [13/Aug/2024:13:15:35 +0000] "POST /api/v1/users/login HTTP/1.1" 500 22 "-" "PostmanRuntime/7.41.0"

info: ::1 - - [13/Aug/2024:13:16:38 +0000] "POST /api/v1/users/createuser HTTP/1.1" 201 326 "-" "PostmanRuntime/7.41.0"

info: ::1 - - [13/Aug/2024:13:17:14 +0000] "POST /api/v1/users/login HTTP/1.1" 500 22 "-" "PostmanRuntime/7.41.0"

info: ::1 - - [13/Aug/2024:13:18:27 +0000] "POST /api/v1/users/login HTTP/1.1" 400 56 "-" "PostmanRuntime/7.41.0"

info: ::1 - - [13/Aug/2024:13:22:12 +0000] "POST /api/v1/users/login HTTP/1.1" 500 44 "-" "PostmanRuntime/7.41.0"

info: ::1 - - [13/Aug/2024:13:27:14 +0000] "POST /api/v1/users/login HTTP/1.1" 401 50 "-" "PostmanRuntime/7.41.0"

info: ::1 - - [13/Aug/2024:13:40:19 +0000] "POST /api/v1/users/login HTTP/1.1" 401 61 "-" "PostmanRuntime/7.41.0"

info: ::1 - - [13/Aug/2024:13:42:09 +0000] "POST /api/v1/users/login HTTP/1.1" 401 39 "-" "PostmanRuntime/7.41.0"

info: ::1 - - [13/Aug/2024:13:42:17 +0000] "POST /api/v1/users/login HTTP/1.1" 401 39 "-" "PostmanRuntime/7.41.0"

info: ::1 - - [13/Aug/2024:13:47:17 +0000] "POST /api/v1/users/createuser HTTP/1.1" 201 327 "-" "PostmanRuntime/7.41.0"

info: ::1 - - [13/Aug/2024:13:49:22 +0000] "GET /api/v1/ HTTP/1.1" 200 27 "-" "Mozilla/5.0 (Windows NT 10.0; Win64; x64) AppleWebKit/537.36 (KHTML, like Gecko) Chrome/127.0.0.0 Safari/537.36"

info: ::1 - - [13/Aug/2024:13:49:23 +0000] "GET /favicon.ico HTTP/1.1" 404 47 "-" "Mozilla/5.0 (Windows NT 10.0; Win64; x64) AppleWebKit/537.36 (KHTML, like Gecko) Chrome/127.0.0.0 Safari/537.36"

