info: ::1 - - [18/Aug/2024:16:23:05 +0000] "GET /api/v1/ HTTP/1.1" 200 27 "-" "Mozilla/5.0 (Windows NT 10.0; Win64; x64) AppleWebKit/537.36 (KHTML, like Gecko) Chrome/127.0.0.0 Safari/537.36"

info: ::1 - - [18/Aug/2024:16:23:05 +0000] "GET /favicon.ico HTTP/1.1" 404 47 "-" "Mozilla/5.0 (Windows NT 10.0; Win64; x64) AppleWebKit/537.36 (KHTML, like Gecko) Chrome/127.0.0.0 Safari/537.36"

info: ::1 - - [18/Aug/2024:16:23:24 +0000] "GET /api/v1/ HTTP/1.1" 200 27 "-" "Mozilla/5.0 (Windows NT 10.0; Win64; x64) AppleWebKit/537.36 (KHTML, like Gecko) Chrome/127.0.0.0 Safari/537.36"

info: ::1 - - [18/Aug/2024:16:23:25 +0000] "GET /favicon.ico HTTP/1.1" 404 47 "-" "Mozilla/5.0 (Windows NT 10.0; Win64; x64) AppleWebKit/537.36 (KHTML, like Gecko) Chrome/127.0.0.0 Safari/537.36"

info: ::1 - - [18/Aug/2024:16:23:55 +0000] "GET /api/v1/ HTTP/1.1" 304 - "-" "Mozilla/5.0 (Windows NT 10.0; Win64; x64) AppleWebKit/537.36 (KHTML, like Gecko) Chrome/127.0.0.0 Safari/537.36"

info: ::1 - - [18/Aug/2024:16:25:05 +0000] "POST /api/v1/notes/createNote HTTP/1.1" 500 46 "-" "PostmanRuntime/7.41.1"

info: ::1 - - [18/Aug/2024:16:25:48 +0000] "POST /api/v1/users/createuser HTTP/1.1" 201 326 "-" "PostmanRuntime/7.41.1"

info: ::1 - - [18/Aug/2024:16:27:57 +0000] "POST /api/v1/users/login HTTP/1.1" 200 389 "-" "PostmanRuntime/7.41.1"

info: ::1 - - [18/Aug/2024:17:02:18 +0000] "POST /api/v1/notes/createNote HTTP/1.1" 500 64 "-" "PostmanRuntime/7.41.1"

info: ::1 - - [18/Aug/2024:17:05:11 +0000] "POST /api/v1/notes/createNote HTTP/1.1" 500 64 "-" "PostmanRuntime/7.41.1"

info: ::1 - - [18/Aug/2024:17:13:13 +0000] "POST /api/v1/notes/createNote HTTP/1.1" 201 188 "-" "PostmanRuntime/7.41.1"

info: ::1 - - [18/Aug/2024:17:15:52 +0000] "POST /api/v1/notes/createNote HTTP/1.1" 201 195 "-" "PostmanRuntime/7.41.1"

info: ::1 - - [18/Aug/2024:17:16:13 +0000] "POST /api/v1/users/createuser HTTP/1.1" 201 328 "-" "PostmanRuntime/7.41.1"

info: ::1 - - [18/Aug/2024:17:16:28 +0000] "POST /api/v1/users/login HTTP/1.1" 200 392 "-" "PostmanRuntime/7.41.1"

info: ::1 - - [18/Aug/2024:17:17:07 +0000] "POST /api/v1/notes/createNote HTTP/1.1" 201 193 "-" "PostmanRuntime/7.41.1"

info: ::1 - - [18/Aug/2024:17:54:02 +0000] "POST /api/v1/notes/createNote HTTP/1.1" 201 197 "-" "PostmanRuntime/7.41.1"

info: ::1 - - [18/Aug/2024:17:57:14 +0000] "GET /api/v1/notes/getAllNotes HTTP/1.1" 401 63 "-" "PostmanRuntime/7.41.1"

info: ::1 - - [18/Aug/2024:17:57:19 +0000] "GET /api/v1/notes/getAllNotes HTTP/1.1" 401 63 "-" "PostmanRuntime/7.41.1"

info: ::1 - - [18/Aug/2024:17:57:50 +0000] "GET /api/v1/notes/getAllNotes HTTP/1.1" 500 79 "-" "PostmanRuntime/7.41.1"

info: ::1 - - [18/Aug/2024:17:57:56 +0000] "GET /api/v1/notes/getAllNotes HTTP/1.1" 500 79 "-" "PostmanRuntime/7.41.1"

info: ::1 - - [18/Aug/2024:17:58:05 +0000] "GET /api/v1/notes/getAllNotes HTTP/1.1" 401 63 "-" "PostmanRuntime/7.41.1"

info: ::1 - - [18/Aug/2024:17:59:01 +0000] "GET /api/v1/notes/getAllNotes HTTP/1.1" 500 79 "-" "PostmanRuntime/7.41.1"

info: ::1 - - [18/Aug/2024:18:00:45 +0000] "GET /api/v1/notes/getAllNotes HTTP/1.1" 500 79 "-" "PostmanRuntime/7.41.1"

info: ::1 - - [18/Aug/2024:18:03:18 +0000] "GET /api/v1/notes/getAllNotes HTTP/1.1" 500 79 "-" "PostmanRuntime/7.41.1"

info: ::1 - - [18/Aug/2024:18:11:39 +0000] "GET /api/v1/notes/getAllNotes HTTP/1.1" 500 79 "-" "PostmanRuntime/7.41.1"

info: ::1 - - [18/Aug/2024:18:13:53 +0000] "GET /api/v1/notes/getAllNotes HTTP/1.1" 500 79 "-" "PostmanRuntime/7.41.1"

info: ::1 - - [18/Aug/2024:18:14:37 +0000] "GET /api/v1/notes/getAllNotes HTTP/1.1" 500 79 "-" "PostmanRuntime/7.41.1"

info: ::1 - - [18/Aug/2024:18:15:29 +0000] "GET /api/v1/notes/getAllNotes HTTP/1.1" 401 63 "-" "PostmanRuntime/7.41.1"

info: ::1 - - [18/Aug/2024:18:17:16 +0000] "PUT /api/v1/notes/updateNote/66c22c4829f14645d4ce0e24 HTTP/1.1" 401 63 "-" "PostmanRuntime/7.41.1"

info: ::1 - - [18/Aug/2024:18:17:36 +0000] "PUT /api/v1/notes/updateNote/66c22c4829f14645d4ce0e24 HTTP/1.1" 500 53 "-" "PostmanRuntime/7.41.1"

info: ::1 - - [18/Aug/2024:18:17:40 +0000] "PUT /api/v1/notes/updateNote/66c22c4829f14645d4ce0e24 HTTP/1.1" 500 53 "-" "PostmanRuntime/7.41.1"

info: ::1 - - [18/Aug/2024:18:18:15 +0000] "POST /api/v1/notes/createNote HTTP/1.1" 201 197 "-" "PostmanRuntime/7.41.1"

info: ::1 - - [18/Aug/2024:18:18:55 +0000] "POST /api/v1/users/createuser HTTP/1.1" 500 61 "-" "PostmanRuntime/7.41.1"

info: ::1 - - [18/Aug/2024:18:19:23 +0000] "POST /api/v1/users/createuser HTTP/1.1" 201 337 "-" "PostmanRuntime/7.41.1"

info: ::1 - - [18/Aug/2024:18:19:50 +0000] "POST /api/v1/users/login HTTP/1.1" 200 404 "-" "PostmanRuntime/7.41.1"

info: ::1 - - [18/Aug/2024:18:20:46 +0000] "POST /api/v1/notes/createNote HTTP/1.1" 201 207 "-" "PostmanRuntime/7.41.1"

info: ::1 - - [18/Aug/2024:18:21:29 +0000] "PUT /api/v1/notes/updateNote/66c22c4829f14645d4ce0e24 HTTP/1.1" 500 53 "-" "PostmanRuntime/7.41.1"

info: ::1 - - [18/Aug/2024:18:21:58 +0000] "PUT /api/v1/notes/updateNote/66c22c4829f14645d4ce0e24 HTTP/1.1" 500 53 "-" "PostmanRuntime/7.41.1"

info: ::1 - - [18/Aug/2024:18:22:46 +0000] "PUT /api/v1/notes/updateNote/66c22c4829f14645d4ce0e24 HTTP/1.1" 500 53 "-" "PostmanRuntime/7.41.1"

info: ::1 - - [18/Aug/2024:18:22:59 +0000] "PUT /api/v1/notes/updateNote/66c22c4829f14645d4ce0e24 HTTP/1.1" 500 53 "-" "PostmanRuntime/7.41.1"

info: ::1 - - [18/Aug/2024:18:23:22 +0000] "PUT /api/v1/notes/updateNote/66c23b2b579acc4a2cf3c641 HTTP/1.1" 500 53 "-" "PostmanRuntime/7.41.1"

info: ::1 - - [18/Aug/2024:18:24:04 +0000] "PUT /api/v1/notes/updateNote/66c23b2b579acc4a2cf3c641 HTTP/1.1" 500 53 "-" "PostmanRuntime/7.41.1"

