info: ::1 - - [23/Aug/2024:06:40:31 +0000] "POST /api/v1/users/createuser HTTP/1.1" 201 329 "-" "PostmanRuntime/7.41.1"

info: ::1 - - [23/Aug/2024:06:41:37 +0000] "POST /api/v1/users/login HTTP/1.1" 200 388 "-" "PostmanRuntime/7.41.1"

info: ::1 - - [23/Aug/2024:06:42:11 +0000] "POST /api/v1/users/forgot-Password HTTP/1.1" 200 74 "-" "PostmanRuntime/7.41.1"

info: ::1 - - [23/Aug/2024:06:43:48 +0000] "POST /api/v1/users/createuser HTTP/1.1" 201 337 "-" "PostmanRuntime/7.41.1"

info: ::1 - - [23/Aug/2024:06:44:02 +0000] "POST /api/v1/users/login HTTP/1.1" 200 407 "-" "PostmanRuntime/7.41.1"

info: ::1 - - [23/Aug/2024:06:44:25 +0000] "POST /api/v1/users/forgot-Password HTTP/1.1" 200 74 "-" "PostmanRuntime/7.41.1"

info: ::1 - - [23/Aug/2024:06:46:04 +0000] "POST /api/v1/users/reset-Password HTTP/1.1" 200 54 "-" "PostmanRuntime/7.41.1"

info: ::1 - - [23/Aug/2024:06:47:04 +0000] "POST /api/v1/users/login HTTP/1.1" 200 407 "-" "PostmanRuntime/7.41.1"

info: ::1 - - [23/Aug/2024:09:20:28 +0000] "POST /api/v1/users/createuser HTTP/1.1" 201 337 "-" "PostmanRuntime/7.41.1"

info: ::1 - - [23/Aug/2024:09:20:49 +0000] "POST /api/v1/users/login HTTP/1.1" 200 405 "-" "PostmanRuntime/7.41.1"

info: ::1 - - [23/Aug/2024:09:22:38 +0000] "POST /api/v1/notes/createNote HTTP/1.1" 201 227 "-" "PostmanRuntime/7.41.1"

info: ::1 - - [23/Aug/2024:09:23:40 +0000] "POST /api/v1/notes/createNote HTTP/1.1" 201 224 "-" "PostmanRuntime/7.41.1"

info: ::1 - - [23/Aug/2024:09:28:35 +0000] "POST /api/v1/users/createuser HTTP/1.1" 201 337 "-" "PostmanRuntime/7.41.1"

info: ::1 - - [23/Aug/2024:09:28:38 +0000] "POST /api/v1/users/login HTTP/1.1" 200 405 "-" "PostmanRuntime/7.41.1"

info: ::1 - - [23/Aug/2024:09:29:17 +0000] "POST /api/v1/notes/createNote HTTP/1.1" 201 239 "-" "PostmanRuntime/7.41.1"

info: ::1 - - [23/Aug/2024:09:29:47 +0000] "POST /api/v1/notes/createNote HTTP/1.1" 201 233 "-" "PostmanRuntime/7.41.1"

info: ::1 - - [23/Aug/2024:09:30:17 +0000] "GET /api/v1/notes/getAllNote HTTP/1.1" 200 400 "-" "PostmanRuntime/7.41.1"

info: ::1 - - [23/Aug/2024:09:31:27 +0000] "POST /api/v1/users/createuser HTTP/1.1" 201 344 "-" "PostmanRuntime/7.41.1"

info: ::1 - - [23/Aug/2024:09:31:55 +0000] "POST /api/v1/users/login HTTP/1.1" 200 412 "-" "PostmanRuntime/7.41.1"

info: ::1 - - [23/Aug/2024:09:32:36 +0000] "POST /api/v1/notes/createNote HTTP/1.1" 201 244 "-" "PostmanRuntime/7.41.1"

info: ::1 - - [23/Aug/2024:09:32:54 +0000] "POST /api/v1/notes/createNote HTTP/1.1" 201 235 "-" "PostmanRuntime/7.41.1"

info: ::1 - - [23/Aug/2024:09:33:29 +0000] "GET /api/v1/notes/getAllNote HTTP/1.1" 200 407 "-" "PostmanRuntime/7.41.1"

