info: ::1 - - [21/Aug/2024:06:44:34 +0000] "POST /api/v1/users/login HTTP/1.1" 200 388 "-" "PostmanRuntime/7.41.1"

info: ::1 - - [21/Aug/2024:06:44:48 +0000] "POST /api/v1/users/forgot-password HTTP/1.1" 200 300 "-" "PostmanRuntime/7.41.1"

info: ::1 - - [21/Aug/2024:06:45:32 +0000] "POST /api/v1/users/reset-password HTTP/1.1" 500 65 "-" "PostmanRuntime/7.41.1"

info: ::1 - - [21/Aug/2024:07:00:11 +0000] "POST /api/v1/users/forgot-password HTTP/1.1" 200 300 "-" "PostmanRuntime/7.41.1"

info: ::1 - - [21/Aug/2024:08:34:21 +0000] "POST /api/v1/users/forgot-password HTTP/1.1" 200 300 "-" "PostmanRuntime/7.41.1"

info: ::1 - - [21/Aug/2024:08:34:58 +0000] "POST /api/v1/users/reset-password HTTP/1.1" 500 65 "-" "PostmanRuntime/7.41.1"

info: ::1 - - [21/Aug/2024:08:43:54 +0000] "POST /api/v1/users/reset-password HTTP/1.1" 401 63 "-" "PostmanRuntime/7.41.1"

info: ::1 - - [21/Aug/2024:08:44:15 +0000] "POST /api/v1/users/reset-password HTTP/1.1" 401 63 "-" "PostmanRuntime/7.41.1"

info: ::1 - - [21/Aug/2024:08:44:20 +0000] "POST /api/v1/users/forgot-password HTTP/1.1" 200 300 "-" "PostmanRuntime/7.41.1"

info: ::1 - - [21/Aug/2024:08:44:33 +0000] "POST /api/v1/users/reset-password HTTP/1.1" 401 63 "-" "PostmanRuntime/7.41.1"

info: ::1 - - [21/Aug/2024:08:46:41 +0000] "POST /api/v1/users/reset-password HTTP/1.1" 500 65 "-" "PostmanRuntime/7.41.1"

info: ::1 - - [21/Aug/2024:08:46:48 +0000] "POST /api/v1/users/forgot-password HTTP/1.1" 200 300 "-" "PostmanRuntime/7.41.1"

info: ::1 - - [21/Aug/2024:08:47:02 +0000] "POST /api/v1/users/reset-password HTTP/1.1" 500 65 "-" "PostmanRuntime/7.41.1"

info: ::1 - - [21/Aug/2024:08:47:10 +0000] "POST /api/v1/users/login HTTP/1.1" 200 388 "-" "PostmanRuntime/7.41.1"

info: ::1 - - [21/Aug/2024:08:47:16 +0000] "POST /api/v1/users/forgot-password HTTP/1.1" 200 300 "-" "PostmanRuntime/7.41.1"

info: ::1 - - [21/Aug/2024:08:47:24 +0000] "POST /api/v1/users/forgot-password HTTP/1.1" 500 49 "-" "PostmanRuntime/7.41.1"

info: ::1 - - [21/Aug/2024:08:47:29 +0000] "POST /api/v1/users/forgot-password HTTP/1.1" 200 300 "-" "PostmanRuntime/7.41.1"

info: ::1 - - [21/Aug/2024:08:47:43 +0000] "POST /api/v1/users/reset-password HTTP/1.1" 500 65 "-" "PostmanRuntime/7.41.1"

info: ::1 - - [21/Aug/2024:08:48:11 +0000] "POST /api/v1/users/reset-password HTTP/1.1" 500 65 "-" "PostmanRuntime/7.41.1"

info: ::1 - - [21/Aug/2024:08:56:05 +0000] "POST /api/v1/users/reset-password HTTP/1.1" 500 65 "-" "PostmanRuntime/7.41.1"

info: ::1 - - [21/Aug/2024:08:57:43 +0000] "POST /api/v1/users/forgot-password HTTP/1.1" 200 300 "-" "PostmanRuntime/7.41.1"

info: ::1 - - [21/Aug/2024:08:57:57 +0000] "POST /api/v1/users/reset-password HTTP/1.1" 500 65 "-" "PostmanRuntime/7.41.1"

info: ::1 - - [21/Aug/2024:09:01:09 +0000] "POST /api/v1/users/createuser HTTP/1.1" 500 61 "-" "PostmanRuntime/7.41.1"

info: ::1 - - [21/Aug/2024:09:07:26 +0000] "POST /api/v1/users/createuser HTTP/1.1" 500 61 "-" "PostmanRuntime/7.41.1"

info: ::1 - - [21/Aug/2024:09:08:05 +0000] "POST /api/v1/users/createuser HTTP/1.1" 201 329 "-" "PostmanRuntime/7.41.1"

info: ::1 - - [21/Aug/2024:09:08:25 +0000] "POST /api/v1/users/login HTTP/1.1" 200 388 "-" "PostmanRuntime/7.41.1"

info: ::1 - - [21/Aug/2024:09:09:00 +0000] "POST /api/v1/users/forgot-password HTTP/1.1" 200 300 "-" "PostmanRuntime/7.41.1"

info: ::1 - - [21/Aug/2024:09:09:33 +0000] "POST /api/v1/users/reset-password HTTP/1.1" 500 65 "-" "PostmanRuntime/7.41.1"

info: ::1 - - [21/Aug/2024:09:09:35 +0000] "POST /api/v1/users/reset-password HTTP/1.1" 500 65 "-" "PostmanRuntime/7.41.1"

info: ::1 - - [21/Aug/2024:09:09:35 +0000] "POST /api/v1/users/reset-password HTTP/1.1" 500 65 "-" "PostmanRuntime/7.41.1"

info: ::1 - - [21/Aug/2024:09:09:36 +0000] "POST /api/v1/users/reset-password HTTP/1.1" 500 65 "-" "PostmanRuntime/7.41.1"

info: ::1 - - [21/Aug/2024:09:09:36 +0000] "POST /api/v1/users/reset-password HTTP/1.1" 500 65 "-" "PostmanRuntime/7.41.1"

info: ::1 - - [21/Aug/2024:09:09:37 +0000] "POST /api/v1/users/reset-password HTTP/1.1" 500 65 "-" "PostmanRuntime/7.41.1"

info: ::1 - - [21/Aug/2024:09:09:38 +0000] "POST /api/v1/users/reset-password HTTP/1.1" 500 65 "-" "PostmanRuntime/7.41.1"

info: ::1 - - [21/Aug/2024:09:09:38 +0000] "POST /api/v1/users/reset-password HTTP/1.1" 500 65 "-" "PostmanRuntime/7.41.1"

info: ::1 - - [21/Aug/2024:09:13:16 +0000] "POST /api/v1/users/reset-password HTTP/1.1" 500 65 "-" "PostmanRuntime/7.41.1"

info: ::1 - - [21/Aug/2024:09:14:14 +0000] "POST /api/v1/users/forgot-password HTTP/1.1" 200 300 "-" "PostmanRuntime/7.41.1"

info: ::1 - - [21/Aug/2024:09:14:31 +0000] "POST /api/v1/users/reset-password HTTP/1.1" 500 65 "-" "PostmanRuntime/7.41.1"

info: ::1 - - [21/Aug/2024:09:21:41 +0000] "POST /api/v1/users/forgot-password HTTP/1.1" 200 300 "-" "PostmanRuntime/7.41.1"

info: ::1 - - [21/Aug/2024:09:21:55 +0000] "POST /api/v1/users/reset-password HTTP/1.1" 500 65 "-" "PostmanRuntime/7.41.1"

info: ::1 - - [21/Aug/2024:09:22:30 +0000] "POST /api/v1/users/forgot-password HTTP/1.1" 500 49 "-" "PostmanRuntime/7.41.1"

info: ::1 - - [21/Aug/2024:09:23:05 +0000] "POST /api/v1/users/forgot-password HTTP/1.1" 200 300 "-" "PostmanRuntime/7.41.1"

info: ::1 - - [21/Aug/2024:09:23:24 +0000] "POST /api/v1/users/forgot-password HTTP/1.1" 500 49 "-" "PostmanRuntime/7.41.1"

info: ::1 - - [21/Aug/2024:09:23:35 +0000] "POST /api/v1/users/forgot-password HTTP/1.1" 500 49 "-" "PostmanRuntime/7.41.1"

info: ::1 - - [21/Aug/2024:09:23:37 +0000] "POST /api/v1/users/forgot-password HTTP/1.1" 500 49 "-" "PostmanRuntime/7.41.1"

info: ::1 - - [21/Aug/2024:09:23:47 +0000] "POST /api/v1/users/login HTTP/1.1" 200 388 "-" "PostmanRuntime/7.41.1"

info: ::1 - - [21/Aug/2024:09:24:08 +0000] "POST /api/v1/users/forgot-password HTTP/1.1" 200 300 "-" "PostmanRuntime/7.41.1"

info: ::1 - - [21/Aug/2024:09:24:49 +0000] "POST /api/v1/users/createuser HTTP/1.1" 201 326 "-" "PostmanRuntime/7.41.1"

info: ::1 - - [21/Aug/2024:09:25:13 +0000] "POST /api/v1/users/login HTTP/1.1" 200 381 "-" "PostmanRuntime/7.41.1"

info: ::1 - - [21/Aug/2024:09:25:33 +0000] "POST /api/v1/users/forgot-password HTTP/1.1" 200 296 "-" "PostmanRuntime/7.41.1"

info: ::1 - - [21/Aug/2024:09:26:04 +0000] "POST /api/v1/users/forgot-password HTTP/1.1" 500 49 "-" "PostmanRuntime/7.41.1"

info: ::1 - - [21/Aug/2024:09:26:06 +0000] "POST /api/v1/users/forgot-password HTTP/1.1" 500 49 "-" "PostmanRuntime/7.41.1"

info: ::1 - - [21/Aug/2024:09:27:04 +0000] "POST /api/v1/users/forgot-password HTTP/1.1" 200 296 "-" "PostmanRuntime/7.41.1"

info: ::1 - - [21/Aug/2024:09:27:32 +0000] "POST /api/v1/users/forgot-password HTTP/1.1" 200 296 "-" "PostmanRuntime/7.41.1"

info: ::1 - - [21/Aug/2024:09:28:03 +0000] "POST /api/v1/users/forgot-password HTTP/1.1" 500 49 "-" "PostmanRuntime/7.41.1"

info: ::1 - - [21/Aug/2024:09:28:33 +0000] "POST /api/v1/users/forgot-password HTTP/1.1" 500 49 "-" "PostmanRuntime/7.41.1"

info: ::1 - - [21/Aug/2024:09:33:26 +0000] "POST /api/v1/users/forgot-password HTTP/1.1" 200 296 "-" "PostmanRuntime/7.41.1"

info: ::1 - - [21/Aug/2024:09:33:39 +0000] "POST /api/v1/users/forgot-password HTTP/1.1" 500 49 "-" "PostmanRuntime/7.41.1"

info: ::1 - - [21/Aug/2024:09:37:50 +0000] "POST /api/v1/users/forgot-password HTTP/1.1" 500 49 "-" "PostmanRuntime/7.41.1"

info: ::1 - - [21/Aug/2024:09:45:58 +0000] "POST /api/v1/users/forgot-password HTTP/1.1" 200 296 "-" "PostmanRuntime/7.41.1"

info: ::1 - - [21/Aug/2024:09:46:12 +0000] "POST /api/v1/users/forgot-password HTTP/1.1" 500 49 "-" "PostmanRuntime/7.41.1"

info: ::1 - - [21/Aug/2024:09:46:49 +0000] "POST /api/v1/users/forgot-password HTTP/1.1" 200 296 "-" "PostmanRuntime/7.41.1"

info: ::1 - - [21/Aug/2024:09:47:01 +0000] "POST /api/v1/users/forgot-password HTTP/1.1" 500 49 "-" "PostmanRuntime/7.41.1"

info: ::1 - - [21/Aug/2024:09:52:15 +0000] "POST /api/v1/users/forgot-password HTTP/1.1" 200 296 "-" "PostmanRuntime/7.41.1"

info: ::1 - - [21/Aug/2024:09:52:25 +0000] "POST /api/v1/users/forgot-password HTTP/1.1" 500 49 "-" "PostmanRuntime/7.41.1"

info: ::1 - - [21/Aug/2024:09:52:30 +0000] "POST /api/v1/users/forgot-password HTTP/1.1" 500 49 "-" "PostmanRuntime/7.41.1"

info: ::1 - - [21/Aug/2024:09:58:08 +0000] "POST /api/v1/users/forgot-password HTTP/1.1" 200 296 "-" "PostmanRuntime/7.41.1"

info: ::1 - - [21/Aug/2024:09:58:21 +0000] "POST /api/v1/users/forgot-password HTTP/1.1" 500 49 "-" "PostmanRuntime/7.41.1"

info: ::1 - - [21/Aug/2024:10:00:52 +0000] "POST /api/v1/users/forgot-Password HTTP/1.1" 200 296 "-" "PostmanRuntime/7.41.1"

info: ::1 - - [21/Aug/2024:10:01:04 +0000] "POST /api/v1/users/forgot-Password HTTP/1.1" 500 49 "-" "PostmanRuntime/7.41.1"

info: ::1 - - [21/Aug/2024:10:02:24 +0000] "POST /api/v1/users/login HTTP/1.1" 200 381 "-" "PostmanRuntime/7.41.1"

info: ::1 - - [21/Aug/2024:10:09:06 +0000] "POST /api/v1/users/login HTTP/1.1" 401 39 "-" "PostmanRuntime/7.41.1"

info: ::1 - - [21/Aug/2024:10:09:13 +0000] "POST /api/v1/users/createuser HTTP/1.1" 201 326 "-" "PostmanRuntime/7.41.1"

info: ::1 - - [21/Aug/2024:10:09:18 +0000] "POST /api/v1/users/login HTTP/1.1" 200 381 "-" "PostmanRuntime/7.41.1"

info: ::1 - - [21/Aug/2024:10:09:35 +0000] "POST /api/v1/notes/createNote HTTP/1.1" 201 193 "-" "PostmanRuntime/7.41.1"

info: ::1 - - [21/Aug/2024:10:09:56 +0000] "GET /api/v1/notes/getAllNote HTTP/1.1" 400 56 "-" "PostmanRuntime/7.41.1"

info: ::1 - - [21/Aug/2024:10:10:14 +0000] "POST /api/v1/users/forgot-Password HTTP/1.1" 200 296 "-" "PostmanRuntime/7.41.1"

info: ::1 - - [21/Aug/2024:10:10:42 +0000] "POST /api/v1/users/forgot-Password HTTP/1.1" 500 49 "-" "PostmanRuntime/7.41.1"

info: ::1 - - [21/Aug/2024:10:11:03 +0000] "POST /api/v1/users/forgot-Password HTTP/1.1" 200 296 "-" "PostmanRuntime/7.41.1"

info: ::1 - - [21/Aug/2024:10:12:44 +0000] "POST /api/v1/users/forgot-Password HTTP/1.1" 200 296 "-" "PostmanRuntime/7.41.1"

info: ::1 - - [21/Aug/2024:10:13:12 +0000] "POST /api/v1/users/reset-Password HTTP/1.1" 500 55 "-" "PostmanRuntime/7.41.1"

info: ::1 - - [21/Aug/2024:10:13:19 +0000] "POST /api/v1/users/forgot-Password HTTP/1.1" 200 296 "-" "PostmanRuntime/7.41.1"

info: ::1 - - [21/Aug/2024:10:13:36 +0000] "POST /api/v1/users/reset-Password HTTP/1.1" 500 55 "-" "PostmanRuntime/7.41.1"

info: ::1 - - [21/Aug/2024:10:15:13 +0000] "POST /api/v1/users/forgot-Password HTTP/1.1" 200 296 "-" "PostmanRuntime/7.41.1"

info: ::1 - - [21/Aug/2024:10:15:39 +0000] "POST /api/v1/users/forgot-Password HTTP/1.1" 500 49 "-" "PostmanRuntime/7.41.1"

info: ::1 - - [21/Aug/2024:10:17:46 +0000] "POST /api/v1/users/forgot-Password HTTP/1.1" 200 296 "-" "PostmanRuntime/7.41.1"

info: ::1 - - [21/Aug/2024:10:18:13 +0000] "POST /api/v1/users/reset-Password HTTP/1.1" 400 56 "-" "PostmanRuntime/7.41.1"

info: ::1 - - [21/Aug/2024:10:18:24 +0000] "POST /api/v1/users/reset-Password HTTP/1.1" 200 54 "-" "PostmanRuntime/7.41.1"

info: ::1 - - [21/Aug/2024:10:19:09 +0000] "POST /api/v1/users/forgot-Password HTTP/1.1" 200 296 "-" "PostmanRuntime/7.41.1"

info: ::1 - - [21/Aug/2024:10:19:33 +0000] "POST /api/v1/users/reset-Password HTTP/1.1" 500 55 "-" "PostmanRuntime/7.41.1"

info: ::1 - - [21/Aug/2024:10:20:36 +0000] "POST /api/v1/users/forgot-Password HTTP/1.1" 200 296 "-" "PostmanRuntime/7.41.1"

info: ::1 - - [21/Aug/2024:10:20:54 +0000] "POST /api/v1/users/reset-Password HTTP/1.1" 500 55 "-" "PostmanRuntime/7.41.1"

info: ::1 - - [21/Aug/2024:10:20:56 +0000] "POST /api/v1/users/reset-Password HTTP/1.1" 500 55 "-" "PostmanRuntime/7.41.1"

info: ::1 - - [21/Aug/2024:10:41:27 +0000] "POST /api/v1/users/forgot-Password HTTP/1.1" 200 296 "-" "PostmanRuntime/7.41.1"

info: ::1 - - [21/Aug/2024:10:41:49 +0000] "POST /api/v1/users/reset-Password HTTP/1.1" 500 65 "-" "PostmanRuntime/7.41.1"

info: ::1 - - [21/Aug/2024:10:42:07 +0000] "POST /api/v1/users/reset-Password HTTP/1.1" 200 54 "-" "PostmanRuntime/7.41.1"

info: ::1 - - [21/Aug/2024:10:44:53 +0000] "POST /api/v1/users/forgot-Password HTTP/1.1" 200 296 "-" "PostmanRuntime/7.41.1"

info: ::1 - - [21/Aug/2024:10:45:32 +0000] "POST /api/v1/users/forgot-Password HTTP/1.1" 200 296 "-" "PostmanRuntime/7.41.1"

info: ::1 - - [21/Aug/2024:10:48:04 +0000] "POST /api/v1/users/createuser HTTP/1.1" 500 61 "-" "PostmanRuntime/7.41.1"

info: ::1 - - [21/Aug/2024:10:48:22 +0000] "POST /api/v1/users/createuser HTTP/1.1" 201 326 "-" "PostmanRuntime/7.41.1"

info: ::1 - - [21/Aug/2024:10:48:46 +0000] "POST /api/v1/users/login HTTP/1.1" 200 381 "-" "PostmanRuntime/7.41.1"

info: ::1 - - [21/Aug/2024:10:48:52 +0000] "POST /api/v1/users/forgot-Password HTTP/1.1" 200 296 "-" "PostmanRuntime/7.41.1"

info: ::1 - - [21/Aug/2024:10:50:27 +0000] "POST /api/v1/users/forgot-Password HTTP/1.1" 200 296 "-" "PostmanRuntime/7.41.1"

info: ::1 - - [21/Aug/2024:10:54:29 +0000] "POST /api/v1/users/reset-Password HTTP/1.1" 200 54 "-" "PostmanRuntime/7.41.1"

