info: Server started at http://localhost:4500/api/v1/ {"timestamp":"2024-08-13T12:39:25.213Z"}
info: Connected to the database. {"timestamp":"2024-08-13T12:39:25.239Z"}
info: Server started at http://localhost:4500/api/v1/ {"timestamp":"2024-08-13T12:42:05.074Z"}
info: Connected to the database. {"timestamp":"2024-08-13T12:42:05.126Z"}
info: Server started at http://localhost:4500/api/v1/ {"timestamp":"2024-08-13T12:45:30.938Z"}
info: Connected to the database. {"timestamp":"2024-08-13T12:45:30.965Z"}
info: Server started at http://localhost:4500/api/v1/ {"timestamp":"2024-08-13T13:04:34.189Z"}
info: Connected to the database. {"timestamp":"2024-08-13T13:04:34.246Z"}
info: Server started at http://localhost:4500/api/v1/ {"timestamp":"2024-08-13T13:08:13.653Z"}
info: Connected to the database. {"timestamp":"2024-08-13T13:08:13.680Z"}
info: Server started at http://localhost:4500/api/v1/ {"timestamp":"2024-08-13T13:13:36.376Z"}
info: Connected to the database. {"timestamp":"2024-08-13T13:13:36.428Z"}
info: Server started at http://localhost:4500/api/v1/ {"timestamp":"2024-08-13T13:15:26.158Z"}
info: Connected to the database. {"timestamp":"2024-08-13T13:15:26.186Z"}
info: Server started at http://localhost:4500/api/v1/ {"timestamp":"2024-08-13T13:18:18.661Z"}
info: Connected to the database. {"timestamp":"2024-08-13T13:18:18.717Z"}
error: 
      status - 400
      message - Authorization token is required 
      url - /api/v1/users/login 
      method - POST 
      IP - ::1
     {"timestamp":"2024-08-13T13:18:27.801Z"}
info: Server started at http://localhost:4500/api/v1/ {"timestamp":"2024-08-13T13:22:05.074Z"}
info: Connected to the database. {"timestamp":"2024-08-13T13:22:05.108Z"}
info: Server started at http://localhost:4500/api/v1/ {"timestamp":"2024-08-13T13:27:07.833Z"}
info: Connected to the database. {"timestamp":"2024-08-13T13:27:07.891Z"}
info: Server started at http://localhost:4500/api/v1/ {"timestamp":"2024-08-13T13:34:02.170Z"}
info: Connected to the database. {"timestamp":"2024-08-13T13:34:02.220Z"}
info: Server started at http://localhost:4500/api/v1/ {"timestamp":"2024-08-13T13:39:56.143Z"}
info: Connected to the database. {"timestamp":"2024-08-13T13:39:56.204Z"}
info: Server started at http://localhost:4500/api/v1/ {"timestamp":"2024-08-13T13:42:00.714Z"}
info: Connected to the database. {"timestamp":"2024-08-13T13:42:00.776Z"}
info: Server started at http://localhost:4500/api/v1/ {"timestamp":"2024-08-13T13:51:07.412Z"}
info: Connected to the database. {"timestamp":"2024-08-13T13:51:07.437Z"}
info: Server started at http://localhost:4500/api/v1/ {"timestamp":"2024-08-13T13:52:06.464Z"}
info: Connected to the database. {"timestamp":"2024-08-13T13:52:06.513Z"}
info: Server started at http://localhost:4500/api/v1/ {"timestamp":"2024-08-13T13:52:53.289Z"}
info: Connected to the database. {"timestamp":"2024-08-13T13:52:53.356Z"}
info: Server started at http://localhost:4500/api/v1/ {"timestamp":"2024-08-13T13:56:45.401Z"}
info: Connected to the database. {"timestamp":"2024-08-13T13:56:45.468Z"}
