info: Server started at http://http://localhost:4051/api/v1/ {"timestamp":"2024-09-01T19:05:19.227Z"}
info: Connected to the database. {"timestamp":"2024-09-01T19:05:19.266Z"}
info: Connected to RabbitMQ successfully. {"timestamp":"2024-09-01T19:05:19.317Z"}
info: Connected to the database. {"timestamp":"2024-09-01T19:35:10.836Z"}
info: Connected to the database. {"timestamp":"2024-09-01T19:36:08.303Z"}
info: Connected to the database. {"timestamp":"2024-09-01T19:36:15.563Z"}
info: Connected to the database. {"timestamp":"2024-09-01T19:37:23.723Z"}
info: Connected to the database. {"timestamp":"2024-09-01T19:37:30.091Z"}
info: Connected to the database. {"timestamp":"2024-09-01T19:37:54.911Z"}
info: Connected to the database. {"timestamp":"2024-09-01T19:50:33.757Z"}
info: Connected to the database. {"timestamp":"2024-09-01T19:53:45.422Z"}
info: Connected to the database. {"timestamp":"2024-09-01T19:53:58.339Z"}
info: Connected to the database. {"timestamp":"2024-09-01T19:54:40.543Z"}
info: Connected to the database. {"timestamp":"2024-09-01T19:54:53.557Z"}
info: Connected to the database. {"timestamp":"2024-09-01T19:55:16.755Z"}
info: Server started at http://http://localhost:4051/api/v1/ {"timestamp":"2024-09-01T19:56:36.252Z"}
info: Connected to the database. {"timestamp":"2024-09-01T19:56:36.282Z"}
info: Server started at http://http://localhost:4051/api/v1/ {"timestamp":"2024-09-01T19:57:00.767Z"}
info: Connected to the database. {"timestamp":"2024-09-01T19:57:00.793Z"}
info: Server started at http://http://localhost:4051/api/v1/ {"timestamp":"2024-09-01T19:57:44.702Z"}
info: Connected to the database. {"timestamp":"2024-09-01T19:57:44.731Z"}
info: Server started at http://http://localhost:4051/api/v1/ {"timestamp":"2024-09-01T20:09:15.496Z"}
info: Connected to the database. {"timestamp":"2024-09-01T20:09:15.527Z"}
info: Server started at http://http://localhost:4051/api/v1/ {"timestamp":"2024-09-01T20:10:51.696Z"}
info: Connected to the database. {"timestamp":"2024-09-01T20:10:51.731Z"}
info: Server started at http://http://localhost:4051/api/v1/ {"timestamp":"2024-09-01T20:14:26.208Z"}
info: Connected to the database. {"timestamp":"2024-09-01T20:14:26.238Z"}
info: Server started at http://http://localhost:4051/api/v1/ {"timestamp":"2024-09-01T20:15:56.788Z"}
info: Connected to the database. {"timestamp":"2024-09-01T20:15:56.815Z"}
info: Server started at http://http://localhost:4051/api/v1/ {"timestamp":"2024-09-01T20:23:45.676Z"}
info: Connected to the database. {"timestamp":"2024-09-01T20:23:45.700Z"}
error: 
    status - 500 
    message - Error: User email is missing.
    at _callee$ (D:\Workspace\Fundoo_Notes\src\controllers\/user.controller.js:24:13)
    at tryCatch (D:\Workspace\Fundoo_Notes\node_modules\@babel\runtime\helpers\regeneratorRuntime.js:45:16)
    at Generator.<anonymous> (D:\Workspace\Fundoo_Notes\node_modules\@babel\runtime\helpers\regeneratorRuntime.js:133:17)
    at Generator.next (D:\Workspace\Fundoo_Notes\node_modules\@babel\runtime\helpers\regeneratorRuntime.js:74:21)
    at asyncGeneratorStep (D:\Workspace\Fundoo_Notes\node_modules\@babel\runtime\helpers\asyncToGenerator.js:3:17)
    at _next (D:\Workspace\Fundoo_Notes\node_modules\@babel\runtime\helpers\asyncToGenerator.js:17:9)
    at processTicksAndRejections (node:internal/process/task_queues:95:5) 
    url - /api/v1/users/createuser 
    method - POST 
    IP - ::1
   {"timestamp":"2024-09-01T20:24:11.627Z"}
info: Server started at http://http://localhost:4051/api/v1/ {"timestamp":"2024-09-01T20:29:22.020Z"}
info: Connected to the database. {"timestamp":"2024-09-01T20:29:22.057Z"}
error: 
    status - 500 
    message - Error: Email is required
    at _callee$ (D:\Workspace\Fundoo_Notes\src\services\/user.service.js:26:11)
    at tryCatch (D:\Workspace\Fundoo_Notes\node_modules\@babel\runtime\helpers\regeneratorRuntime.js:45:16)
    at Generator.<anonymous> (D:\Workspace\Fundoo_Notes\node_modules\@babel\runtime\helpers\regeneratorRuntime.js:133:17)
    at Generator.next (D:\Workspace\Fundoo_Notes\node_modules\@babel\runtime\helpers\regeneratorRuntime.js:74:21)
    at asyncGeneratorStep (D:\Workspace\Fundoo_Notes\node_modules\@babel\runtime\helpers\asyncToGenerator.js:3:17)
    at _next (D:\Workspace\Fundoo_Notes\node_modules\@babel\runtime\helpers\asyncToGenerator.js:17:9)
    at D:\Workspace\Fundoo_Notes\node_modules\@babel\runtime\helpers\asyncToGenerator.js:22:7
    at new Promise (<anonymous>)
    at Object.apply (D:\Workspace\Fundoo_Notes\node_modules\@babel\runtime\helpers\asyncToGenerator.js:14:12)
    at Object.newUser (D:\Workspace\Fundoo_Notes\src\services\/user.service.js:24:21)
    at _callee$ (D:\Workspace\Fundoo_Notes\src\controllers\/user.controller.js:14:36)
    at tryCatch (D:\Workspace\Fundoo_Notes\node_modules\@babel\runtime\helpers\regeneratorRuntime.js:45:16)
    at Generator.<anonymous> (D:\Workspace\Fundoo_Notes\node_modules\@babel\runtime\helpers\regeneratorRuntime.js:133:17)
    at Generator.next (D:\Workspace\Fundoo_Notes\node_modules\@babel\runtime\helpers\regeneratorRuntime.js:74:21)
    at asyncGeneratorStep (D:\Workspace\Fundoo_Notes\node_modules\@babel\runtime\helpers\asyncToGenerator.js:3:17)
    at _next (D:\Workspace\Fundoo_Notes\node_modules\@babel\runtime\helpers\asyncToGenerator.js:17:9)
    at D:\Workspace\Fundoo_Notes\node_modules\@babel\runtime\helpers\asyncToGenerator.js:22:7
    at new Promise (<anonymous>)
    at apply (D:\Workspace\Fundoo_Notes\node_modules\@babel\runtime\helpers\asyncToGenerator.js:14:12)
    at newUser (D:\Workspace\Fundoo_Notes\src\controllers\/user.controller.js:11:21)
    at Layer.handle [as handle_request] (D:\Workspace\Fundoo_Notes\node_modules\express\lib\router\layer.js:95:5)
    at next (D:\Workspace\Fundoo_Notes\node_modules\express\lib\router\route.js:149:13)
    at newUserValidator (D:\Workspace\Fundoo_Notes\src\validators\/user.validator.js:19:5)
    at Layer.handle [as handle_request] (D:\Workspace\Fundoo_Notes\node_modules\express\lib\router\layer.js:95:5)
    at next (D:\Workspace\Fundoo_Notes\node_modules\express\lib\router\route.js:149:13)
    at Route.dispatch (D:\Workspace\Fundoo_Notes\node_modules\express\lib\router\route.js:119:3)
    at Layer.handle [as handle_request] (D:\Workspace\Fundoo_Notes\node_modules\express\lib\router\layer.js:95:5)
    at D:\Workspace\Fundoo_Notes\node_modules\express\lib\router\index.js:284:15
    at Function.process_params (D:\Workspace\Fundoo_Notes\node_modules\express\lib\router\index.js:346:12)
    at next (D:\Workspace\Fundoo_Notes\node_modules\express\lib\router\index.js:280:10)
    at Function.handle (D:\Workspace\Fundoo_Notes\node_modules\express\lib\router\index.js:175:3)
    at router (D:\Workspace\Fundoo_Notes\node_modules\express\lib\router\index.js:47:12)
    at Layer.handle [as handle_request] (D:\Workspace\Fundoo_Notes\node_modules\express\lib\router\layer.js:95:5)
    at trim_prefix (D:\Workspace\Fundoo_Notes\node_modules\express\lib\router\index.js:328:13)
    at D:\Workspace\Fundoo_Notes\node_modules\express\lib\router\index.js:286:9
    at Function.process_params (D:\Workspace\Fundoo_Notes\node_modules\express\lib\router\index.js:346:12)
    at next (D:\Workspace\Fundoo_Notes\node_modules\express\lib\router\index.js:280:10)
    at Function.handle (D:\Workspace\Fundoo_Notes\node_modules\express\lib\router\index.js:175:3)
    at router (D:\Workspace\Fundoo_Notes\node_modules\express\lib\router\index.js:47:12)
    at Layer.handle [as handle_request] (D:\Workspace\Fundoo_Notes\node_modules\express\lib\router\layer.js:95:5)
    at trim_prefix (D:\Workspace\Fundoo_Notes\node_modules\express\lib\router\index.js:328:13)
    at D:\Workspace\Fundoo_Notes\node_modules\express\lib\router\index.js:286:9
    at Function.process_params (D:\Workspace\Fundoo_Notes\node_modules\express\lib\router\index.js:346:12)
    at next (D:\Workspace\Fundoo_Notes\node_modules\express\lib\router\index.js:280:10)
    at logger (D:\Workspace\Fundoo_Notes\node_modules\morgan\index.js:144:5)
    at Layer.handle [as handle_request] (D:\Workspace\Fundoo_Notes\node_modules\express\lib\router\layer.js:95:5)
    at trim_prefix (D:\Workspace\Fundoo_Notes\node_modules\express\lib\router\index.js:328:13)
    at D:\Workspace\Fundoo_Notes\node_modules\express\lib\router\index.js:286:9
    at Function.process_params (D:\Workspace\Fundoo_Notes\node_modules\express\lib\router\index.js:346:12)
    at next (D:\Workspace\Fundoo_Notes\node_modules\express\lib\router\index.js:280:10)
    at D:\Workspace\Fundoo_Notes\node_modules\body-parser\lib\read.js:137:5
    at AsyncResource.runInAsyncScope (node:async_hooks:206:9)
    at invokeCallback (D:\Workspace\Fundoo_Notes\node_modules\raw-body\index.js:238:16)
    at done (D:\Workspace\Fundoo_Notes\node_modules\raw-body\index.js:227:7)
    at IncomingMessage.onEnd (D:\Workspace\Fundoo_Notes\node_modules\raw-body\index.js:287:7)
    at IncomingMessage.emit (node:events:518:28) 
    url - /api/v1/users/createuser 
    method - POST 
    IP - ::1
   {"timestamp":"2024-09-01T20:29:31.302Z"}
info: Server started at http://http://localhost:4051/api/v1/ {"timestamp":"2024-09-01T20:31:48.589Z"}
info: Connected to the database. {"timestamp":"2024-09-01T20:31:48.617Z"}
info: Server started at http://http://localhost:4051/api/v1/ {"timestamp":"2024-09-01T20:32:49.195Z"}
info: Connected to the database. {"timestamp":"2024-09-01T20:32:49.218Z"}
error: 
    status - 500 
    message - Error: User email is missing.
    at _callee$ (D:\Workspace\Fundoo_Notes\src\controllers\/user.controller.js:49:13)
    at tryCatch (D:\Workspace\Fundoo_Notes\node_modules\@babel\runtime\helpers\regeneratorRuntime.js:45:16)
    at Generator.<anonymous> (D:\Workspace\Fundoo_Notes\node_modules\@babel\runtime\helpers\regeneratorRuntime.js:133:17)
    at Generator.next (D:\Workspace\Fundoo_Notes\node_modules\@babel\runtime\helpers\regeneratorRuntime.js:74:21)
    at asyncGeneratorStep (D:\Workspace\Fundoo_Notes\node_modules\@babel\runtime\helpers\asyncToGenerator.js:3:17)
    at _next (D:\Workspace\Fundoo_Notes\node_modules\@babel\runtime\helpers\asyncToGenerator.js:17:9)
    at D:\Workspace\Fundoo_Notes\node_modules\@babel\runtime\helpers\asyncToGenerator.js:22:7
    at new Promise (<anonymous>)
    at apply (D:\Workspace\Fundoo_Notes\node_modules\@babel\runtime\helpers\asyncToGenerator.js:14:12)
    at newUser (D:\Workspace\Fundoo_Notes\src\controllers\/user.controller.js:46:21)
    at Layer.handle [as handle_request] (D:\Workspace\Fundoo_Notes\node_modules\express\lib\router\layer.js:95:5)
    at next (D:\Workspace\Fundoo_Notes\node_modules\express\lib\router\route.js:149:13)
    at newUserValidator (D:\Workspace\Fundoo_Notes\src\validators\/user.validator.js:19:5)
    at Layer.handle [as handle_request] (D:\Workspace\Fundoo_Notes\node_modules\express\lib\router\layer.js:95:5)
    at next (D:\Workspace\Fundoo_Notes\node_modules\express\lib\router\route.js:149:13)
    at Route.dispatch (D:\Workspace\Fundoo_Notes\node_modules\express\lib\router\route.js:119:3)
    at Layer.handle [as handle_request] (D:\Workspace\Fundoo_Notes\node_modules\express\lib\router\layer.js:95:5)
    at D:\Workspace\Fundoo_Notes\node_modules\express\lib\router\index.js:284:15
    at Function.process_params (D:\Workspace\Fundoo_Notes\node_modules\express\lib\router\index.js:346:12)
    at next (D:\Workspace\Fundoo_Notes\node_modules\express\lib\router\index.js:280:10)
    at Function.handle (D:\Workspace\Fundoo_Notes\node_modules\express\lib\router\index.js:175:3)
    at router (D:\Workspace\Fundoo_Notes\node_modules\express\lib\router\index.js:47:12)
    at Layer.handle [as handle_request] (D:\Workspace\Fundoo_Notes\node_modules\express\lib\router\layer.js:95:5)
    at trim_prefix (D:\Workspace\Fundoo_Notes\node_modules\express\lib\router\index.js:328:13)
    at D:\Workspace\Fundoo_Notes\node_modules\express\lib\router\index.js:286:9
    at Function.process_params (D:\Workspace\Fundoo_Notes\node_modules\express\lib\router\index.js:346:12)
    at next (D:\Workspace\Fundoo_Notes\node_modules\express\lib\router\index.js:280:10)
    at Function.handle (D:\Workspace\Fundoo_Notes\node_modules\express\lib\router\index.js:175:3)
    at router (D:\Workspace\Fundoo_Notes\node_modules\express\lib\router\index.js:47:12)
    at Layer.handle [as handle_request] (D:\Workspace\Fundoo_Notes\node_modules\express\lib\router\layer.js:95:5)
    at trim_prefix (D:\Workspace\Fundoo_Notes\node_modules\express\lib\router\index.js:328:13)
    at D:\Workspace\Fundoo_Notes\node_modules\express\lib\router\index.js:286:9
    at Function.process_params (D:\Workspace\Fundoo_Notes\node_modules\express\lib\router\index.js:346:12)
    at next (D:\Workspace\Fundoo_Notes\node_modules\express\lib\router\index.js:280:10)
    at logger (D:\Workspace\Fundoo_Notes\node_modules\morgan\index.js:144:5)
    at Layer.handle [as handle_request] (D:\Workspace\Fundoo_Notes\node_modules\express\lib\router\layer.js:95:5)
    at trim_prefix (D:\Workspace\Fundoo_Notes\node_modules\express\lib\router\index.js:328:13)
    at D:\Workspace\Fundoo_Notes\node_modules\express\lib\router\index.js:286:9
    at Function.process_params (D:\Workspace\Fundoo_Notes\node_modules\express\lib\router\index.js:346:12)
    at next (D:\Workspace\Fundoo_Notes\node_modules\express\lib\router\index.js:280:10)
    at D:\Workspace\Fundoo_Notes\node_modules\body-parser\lib\read.js:137:5
    at AsyncResource.runInAsyncScope (node:async_hooks:206:9)
    at invokeCallback (D:\Workspace\Fundoo_Notes\node_modules\raw-body\index.js:238:16)
    at done (D:\Workspace\Fundoo_Notes\node_modules\raw-body\index.js:227:7)
    at IncomingMessage.onEnd (D:\Workspace\Fundoo_Notes\node_modules\raw-body\index.js:287:7)
    at IncomingMessage.emit (node:events:518:28)
    at IncomingMessage.emit (node:domain:488:12)
    at endReadableNT (node:internal/streams/readable:1696:12)
    at processTicksAndRejections (node:internal/process/task_queues:82:21) 
    url - /api/v1/users/createuser 
    method - POST 
    IP - ::1
   {"timestamp":"2024-09-01T20:33:18.488Z"}
info: Server started at http://http://localhost:4051/api/v1/ {"timestamp":"2024-09-01T20:36:01.122Z"}
info: Connected to the database. {"timestamp":"2024-09-01T20:36:01.152Z"}
error: 
    status - 500 
    message - Error: User email is missing.
    at _callee$ (D:\Workspace\Fundoo_Notes\src\controllers\/user.controller.js:24:13)
    at tryCatch (D:\Workspace\Fundoo_Notes\node_modules\@babel\runtime\helpers\regeneratorRuntime.js:45:16)
    at Generator.<anonymous> (D:\Workspace\Fundoo_Notes\node_modules\@babel\runtime\helpers\regeneratorRuntime.js:133:17)
    at Generator.next (D:\Workspace\Fundoo_Notes\node_modules\@babel\runtime\helpers\regeneratorRuntime.js:74:21)
    at asyncGeneratorStep (D:\Workspace\Fundoo_Notes\node_modules\@babel\runtime\helpers\asyncToGenerator.js:3:17)
    at _next (D:\Workspace\Fundoo_Notes\node_modules\@babel\runtime\helpers\asyncToGenerator.js:17:9)
    at processTicksAndRejections (node:internal/process/task_queues:95:5) 
    url - /api/v1/users/createuser 
    method - POST 
    IP - ::1
   {"timestamp":"2024-09-01T20:36:07.289Z"}
error: 
      status - 11000
      message - E11000 duplicate key error collection: FundooNotes.users index: Email_1 dup key: { Email: "shankharanjannag21@gmail.com" } 
      url - /api/v1/users/createuser 
      method - POST 
      IP - ::1
     {"timestamp":"2024-09-01T20:36:11.458Z"}
error: 
    status - 500 
    message - RangeError: Invalid status code: 11000
    at ServerResponse.writeHead (node:_http_server:352:11)
    at ServerResponse.writeHead (D:\Workspace\Fundoo_Notes\node_modules\on-headers\index.js:44:26)
    at ServerResponse._implicitHeader (node:_http_server:338:8)
    at write_ (node:_http_outgoing:919:9)
    at ServerResponse.end (node:_http_outgoing:1030:5)
    at ServerResponse.send (D:\Workspace\Fundoo_Notes\node_modules\express\lib\response.js:233:10)
    at ServerResponse.json (D:\Workspace\Fundoo_Notes\node_modules\express\lib\response.js:279:15)
    at appErrorHandler (D:\Workspace\Fundoo_Notes\src\middlewares\/error.middleware.js:36:26)
    at Layer.handle_error (D:\Workspace\Fundoo_Notes\node_modules\express\lib\router\layer.js:71:5)
    at trim_prefix (D:\Workspace\Fundoo_Notes\node_modules\express\lib\router\index.js:326:13)
    at D:\Workspace\Fundoo_Notes\node_modules\express\lib\router\index.js:286:9
    at Function.process_params (D:\Workspace\Fundoo_Notes\node_modules\express\lib\router\index.js:346:12)
    at next (D:\Workspace\Fundoo_Notes\node_modules\express\lib\router\index.js:280:10)
    at Layer.handle_error (D:\Workspace\Fundoo_Notes\node_modules\express\lib\router\layer.js:67:12)
    at trim_prefix (D:\Workspace\Fundoo_Notes\node_modules\express\lib\router\index.js:326:13)
    at D:\Workspace\Fundoo_Notes\node_modules\express\lib\router\index.js:286:9
    at Function.process_params (D:\Workspace\Fundoo_Notes\node_modules\express\lib\router\index.js:346:12)
    at Immediate.next (D:\Workspace\Fundoo_Notes\node_modules\express\lib\router\index.js:280:10)
    at Immediate._onImmediate (D:\Workspace\Fundoo_Notes\node_modules\express\lib\router\index.js:646:15)
    at processImmediate (node:internal/timers:480:21) 
    url - /api/v1/users/createuser 
    method - POST 
    IP - ::1
   {"timestamp":"2024-09-01T20:36:11.467Z"}
info: Server started at http://http://localhost:4051/api/v1/ {"timestamp":"2024-09-01T20:36:31.861Z"}
info: Connected to the database. {"timestamp":"2024-09-01T20:36:31.884Z"}
error: 
      status - 11000
      message - E11000 duplicate key error collection: FundooNotes.users index: Email_1 dup key: { Email: "shankharanjannag21@gmail.com" } 
      url - /api/v1/users/createuser 
      method - POST 
      IP - ::1
     {"timestamp":"2024-09-01T20:36:37.218Z"}
error: 
    status - 500 
    message - RangeError: Invalid status code: 11000
    at ServerResponse.writeHead (node:_http_server:352:11)
    at ServerResponse.writeHead (D:\Workspace\Fundoo_Notes\node_modules\on-headers\index.js:44:26)
    at ServerResponse._implicitHeader (node:_http_server:338:8)
    at write_ (node:_http_outgoing:919:9)
    at ServerResponse.end (node:_http_outgoing:1030:5)
    at ServerResponse.send (D:\Workspace\Fundoo_Notes\node_modules\express\lib\response.js:233:10)
    at ServerResponse.json (D:\Workspace\Fundoo_Notes\node_modules\express\lib\response.js:279:15)
    at appErrorHandler (D:\Workspace\Fundoo_Notes\src\middlewares\/error.middleware.js:36:26)
    at Layer.handle_error (D:\Workspace\Fundoo_Notes\node_modules\express\lib\router\layer.js:71:5)
    at trim_prefix (D:\Workspace\Fundoo_Notes\node_modules\express\lib\router\index.js:326:13)
    at D:\Workspace\Fundoo_Notes\node_modules\express\lib\router\index.js:286:9
    at Function.process_params (D:\Workspace\Fundoo_Notes\node_modules\express\lib\router\index.js:346:12)
    at next (D:\Workspace\Fundoo_Notes\node_modules\express\lib\router\index.js:280:10)
    at Layer.handle_error (D:\Workspace\Fundoo_Notes\node_modules\express\lib\router\layer.js:67:12)
    at trim_prefix (D:\Workspace\Fundoo_Notes\node_modules\express\lib\router\index.js:326:13)
    at D:\Workspace\Fundoo_Notes\node_modules\express\lib\router\index.js:286:9
    at Function.process_params (D:\Workspace\Fundoo_Notes\node_modules\express\lib\router\index.js:346:12)
    at Immediate.next (D:\Workspace\Fundoo_Notes\node_modules\express\lib\router\index.js:280:10)
    at Immediate._onImmediate (D:\Workspace\Fundoo_Notes\node_modules\express\lib\router\index.js:646:15)
    at processImmediate (node:internal/timers:480:21) 
    url - /api/v1/users/createuser 
    method - POST 
    IP - ::1
   {"timestamp":"2024-09-01T20:36:37.229Z"}
info: Server started at http://http://localhost:4051/api/v1/ {"timestamp":"2024-09-01T20:42:45.759Z"}
info: Connected to the database. {"timestamp":"2024-09-01T20:42:45.781Z"}
