info: Server started at http://http://localhost:4500/api/v1/ {"timestamp":"2024-08-23T06:37:29.592Z"}
info: Connected to the database. {"timestamp":"2024-08-23T06:37:29.635Z"}
info: Server started at http://http://localhost:4500/api/v1/ {"timestamp":"2024-08-23T06:39:17.948Z"}
info: Connected to the database. {"timestamp":"2024-08-23T06:39:17.976Z"}
info: Server started at http://http://localhost:4500/api/v1/ {"timestamp":"2024-08-23T09:28:04.466Z"}
info: Connected to the database. {"timestamp":"2024-08-23T09:28:04.502Z"}
info: Server started at http://http://localhost:4500/api/v1/ {"timestamp":"2024-08-23T09:28:26.543Z"}
info: Connected to the database. {"timestamp":"2024-08-23T09:28:26.564Z"}
info: Server started at http://http://localhost:4500/api/v1/ {"timestamp":"2024-08-23T10:43:21.800Z"}
info: Connected to the database. {"timestamp":"2024-08-23T10:43:21.840Z"}
error: Failed to read Swagger file: ENOENT: no such file or directory, open 'D:\Workspace\Fundoo_Notes\swagger\swaggerFile.json' {"timestamp":"2024-08-23T10:54:40.149Z"}
info: Server started at http://http://localhost:4500/api/v1/ {"timestamp":"2024-08-23T10:54:40.165Z"}
info: Connected to the database. {"timestamp":"2024-08-23T10:54:40.193Z"}
info: Server started at http://http://localhost:4500/api/v1/ {"timestamp":"2024-08-23T10:58:17.148Z"}
info: Connected to the database. {"timestamp":"2024-08-23T10:58:17.173Z"}
info: Connected to the database. {"timestamp":"2024-08-23T11:20:17.072Z"}
info: Connected to the database. {"timestamp":"2024-08-23T11:22:00.391Z"}
info: Connected to the database. {"timestamp":"2024-08-23T11:22:42.994Z"}
info: Connected to the database. {"timestamp":"2024-08-23T11:23:03.808Z"}
info: Connected to the database. {"timestamp":"2024-08-23T11:24:46.280Z"}
info: Connected to the database. {"timestamp":"2024-08-23T11:24:57.813Z"}
info: Server started at http://http://localhost:4051/api/v1/ {"timestamp":"2024-08-23T11:27:58.682Z"}
info: Connected to the database. {"timestamp":"2024-08-23T11:27:58.708Z"}
info: Server started at http://http://localhost:4051/api/v1/ {"timestamp":"2024-08-23T11:46:04.240Z"}
info: Connected to the database. {"timestamp":"2024-08-23T11:46:04.265Z"}
info: Server started at http://http://localhost:4051/api/v1/ {"timestamp":"2024-08-23T11:56:05.445Z"}
info: Connected to the database. {"timestamp":"2024-08-23T11:56:05.466Z"}
info: Server started at http://http://localhost:4051/api/v1/ {"timestamp":"2024-08-23T12:02:20.545Z"}
info: Connected to the database. {"timestamp":"2024-08-23T12:02:20.569Z"}
error: 
    status - 500 
    message - Error: User Not Found
    at _callee3$ (D:\Workspace\Fundoo_Notes\src\services\/user.service.js:48:11)
    at tryCatch (D:\Workspace\Fundoo_Notes\node_modules\@babel\runtime\helpers\regeneratorRuntime.js:45:16)
    at Generator.<anonymous> (D:\Workspace\Fundoo_Notes\node_modules\@babel\runtime\helpers\regeneratorRuntime.js:133:17)
    at Generator.next (D:\Workspace\Fundoo_Notes\node_modules\@babel\runtime\helpers\regeneratorRuntime.js:74:21)
    at asyncGeneratorStep (D:\Workspace\Fundoo_Notes\node_modules\@babel\runtime\helpers\asyncToGenerator.js:3:17)
    at _next (D:\Workspace\Fundoo_Notes\node_modules\@babel\runtime\helpers\asyncToGenerator.js:17:9)
    at processTicksAndRejections (node:internal/process/task_queues:95:5) 
    url - /api/v1/users/forgot-password 
    method - POST 
    IP - ::1
   {"timestamp":"2024-08-23T12:12:31.023Z"}
error: 
    status - 500 
    message - Error: User Not Found
    at _callee3$ (D:\Workspace\Fundoo_Notes\src\services\/user.service.js:48:11)
    at tryCatch (D:\Workspace\Fundoo_Notes\node_modules\@babel\runtime\helpers\regeneratorRuntime.js:45:16)
    at Generator.<anonymous> (D:\Workspace\Fundoo_Notes\node_modules\@babel\runtime\helpers\regeneratorRuntime.js:133:17)
    at Generator.next (D:\Workspace\Fundoo_Notes\node_modules\@babel\runtime\helpers\regeneratorRuntime.js:74:21)
    at asyncGeneratorStep (D:\Workspace\Fundoo_Notes\node_modules\@babel\runtime\helpers\asyncToGenerator.js:3:17)
    at _next (D:\Workspace\Fundoo_Notes\node_modules\@babel\runtime\helpers\asyncToGenerator.js:17:9)
    at processTicksAndRejections (node:internal/process/task_queues:95:5) 
    url - /api/v1/users/forgot-password 
    method - POST 
    IP - ::1
   {"timestamp":"2024-08-23T12:13:49.373Z"}
info: Server started at http://http://localhost:4051/api/v1/ {"timestamp":"2024-08-23T12:15:08.112Z"}
info: Connected to the database. {"timestamp":"2024-08-23T12:15:08.132Z"}
error: 
    status - 500 
    message - SyntaxError: Expected double-quoted property name in JSON at position 54
    at JSON.parse (<anonymous>)
    at parse (D:\Workspace\Fundoo_Notes\node_modules\body-parser\lib\types\json.js:92:19)
    at D:\Workspace\Fundoo_Notes\node_modules\body-parser\lib\read.js:128:18
    at AsyncResource.runInAsyncScope (node:async_hooks:206:9)
    at invokeCallback (D:\Workspace\Fundoo_Notes\node_modules\raw-body\index.js:238:16)
    at done (D:\Workspace\Fundoo_Notes\node_modules\raw-body\index.js:227:7)
    at IncomingMessage.onEnd (D:\Workspace\Fundoo_Notes\node_modules\raw-body\index.js:287:7)
    at IncomingMessage.emit (node:events:518:28)
    at IncomingMessage.emit (node:domain:488:12)
    at endReadableNT (node:internal/streams/readable:1696:12)
    at processTicksAndRejections (node:internal/process/task_queues:82:21) 
    url - /api/v1/notes/createNote 
    method - POST 
    IP - ::1
   {"timestamp":"2024-08-23T13:05:15.940Z"}
error: 
    status - 500 
    message - SyntaxError: Expected double-quoted property name in JSON at position 55
    at JSON.parse (<anonymous>)
    at parse (D:\Workspace\Fundoo_Notes\node_modules\body-parser\lib\types\json.js:92:19)
    at D:\Workspace\Fundoo_Notes\node_modules\body-parser\lib\read.js:128:18
    at AsyncResource.runInAsyncScope (node:async_hooks:206:9)
    at invokeCallback (D:\Workspace\Fundoo_Notes\node_modules\raw-body\index.js:238:16)
    at done (D:\Workspace\Fundoo_Notes\node_modules\raw-body\index.js:227:7)
    at IncomingMessage.onEnd (D:\Workspace\Fundoo_Notes\node_modules\raw-body\index.js:287:7)
    at IncomingMessage.emit (node:events:518:28)
    at IncomingMessage.emit (node:domain:488:12)
    at endReadableNT (node:internal/streams/readable:1696:12)
    at processTicksAndRejections (node:internal/process/task_queues:82:21) 
    url - /api/v1/notes/createNote 
    method - POST 
    IP - ::1
   {"timestamp":"2024-08-23T13:10:18.272Z"}
error: 
    status - 500 
    message - SyntaxError: Expected double-quoted property name in JSON at position 55
    at JSON.parse (<anonymous>)
    at parse (D:\Workspace\Fundoo_Notes\node_modules\body-parser\lib\types\json.js:92:19)
    at D:\Workspace\Fundoo_Notes\node_modules\body-parser\lib\read.js:128:18
    at AsyncResource.runInAsyncScope (node:async_hooks:206:9)
    at invokeCallback (D:\Workspace\Fundoo_Notes\node_modules\raw-body\index.js:238:16)
    at done (D:\Workspace\Fundoo_Notes\node_modules\raw-body\index.js:227:7)
    at IncomingMessage.onEnd (D:\Workspace\Fundoo_Notes\node_modules\raw-body\index.js:287:7)
    at IncomingMessage.emit (node:events:518:28)
    at IncomingMessage.emit (node:domain:488:12)
    at endReadableNT (node:internal/streams/readable:1696:12)
    at processTicksAndRejections (node:internal/process/task_queues:82:21) 
    url - /api/v1/notes/createNote 
    method - POST 
    IP - ::1
   {"timestamp":"2024-08-23T13:17:42.645Z"}
info: Server started at http://http://localhost:4051/api/v1/ {"timestamp":"2024-08-23T13:21:59.153Z"}
info: Connected to the database. {"timestamp":"2024-08-23T13:21:59.174Z"}
error: 
    status - 500 
    message - SyntaxError: Expected double-quoted property name in JSON at position 76
    at JSON.parse (<anonymous>)
    at parse (D:\Workspace\Fundoo_Notes\node_modules\body-parser\lib\types\json.js:92:19)
    at D:\Workspace\Fundoo_Notes\node_modules\body-parser\lib\read.js:128:18
    at AsyncResource.runInAsyncScope (node:async_hooks:206:9)
    at invokeCallback (D:\Workspace\Fundoo_Notes\node_modules\raw-body\index.js:238:16)
    at done (D:\Workspace\Fundoo_Notes\node_modules\raw-body\index.js:227:7)
    at IncomingMessage.onEnd (D:\Workspace\Fundoo_Notes\node_modules\raw-body\index.js:287:7)
    at IncomingMessage.emit (node:events:518:28)
    at IncomingMessage.emit (node:domain:488:12)
    at endReadableNT (node:internal/streams/readable:1696:12)
    at processTicksAndRejections (node:internal/process/task_queues:82:21) 
    url - /api/v1/notes/updateNote/66c88d98b17a255424ad3c89 
    method - PUT 
    IP - ::1
   {"timestamp":"2024-08-23T13:33:43.050Z"}
