info: Server started at http://localhost:3000/api/v1/ {"timestamp":"2024-08-08T10:06:46.247Z"}
info: Connected to the database. {"timestamp":"2024-08-08T10:06:51.052Z"}
info: Server started at http://localhost:4500/api/v1/ {"timestamp":"2024-08-08T10:50:30.852Z"}
info: Connected to the database. {"timestamp":"2024-08-08T10:50:30.874Z"}
error: 
    status - 500 
    message - ValidationError: "LastName" length must be at least 4 characters long 
    url - /api/v1/users/createuser 
    method - POST 
    IP - ::1
   {"timestamp":"2024-08-08T10:52:44.149Z"}
info: Server started at http://localhost:4500/api/v1/ {"timestamp":"2024-08-08T10:53:10.177Z"}
info: Connected to the database. {"timestamp":"2024-08-08T10:53:10.206Z"}
error: 
    status - 500 
    message - ValidationError: User validation failed: confirmPassword: Path `confirmPassword` is required.
    at model.Document.invalidate (D:\Workspace\Registration_Cli\node_modules\mongoose\lib\document.js:2788:32)
    at D:\Workspace\Registration_Cli\node_modules\mongoose\lib\document.js:2580:17
    at D:\Workspace\Registration_Cli\node_modules\mongoose\lib\schematype.js:1273:9
    at processTicksAndRejections (node:internal/process/task_queues:77:11) 
    url - /api/v1/users/createuser 
    method - POST 
    IP - ::1
   {"timestamp":"2024-08-08T10:53:15.519Z"}
info: Server started at http://localhost:4500/api/v1/ {"timestamp":"2024-08-08T10:55:56.873Z"}
info: Connected to the database. {"timestamp":"2024-08-08T10:55:56.900Z"}
error: 
      status - 11000
      message - E11000 duplicate key error collection: Registration_Cli.users index: Email_1 dup key: { Email: "tofabarman@gmail.com" } 
      url - /api/v1/users/createuser 
      method - POST 
      IP - ::1
     {"timestamp":"2024-08-08T10:58:21.990Z"}
error: 
    status - 500 
    message - RangeError: Invalid status code: 11000
    at ServerResponse.writeHead (node:_http_server:352:11)
    at ServerResponse.writeHead (D:\Workspace\Registration_Cli\node_modules\on-headers\index.js:44:26)
    at ServerResponse._implicitHeader (node:_http_server:338:8)
    at write_ (node:_http_outgoing:919:9)
    at ServerResponse.end (node:_http_outgoing:1030:5)
    at ServerResponse.send (D:\Workspace\Registration_Cli\node_modules\express\lib\response.js:233:10)
    at ServerResponse.json (D:\Workspace\Registration_Cli\node_modules\express\lib\response.js:279:15)
    at appErrorHandler (D:\Workspace\Registration_Cli\src\middlewares\/error.middleware.js:36:26)
    at Layer.handle_error (D:\Workspace\Registration_Cli\node_modules\express\lib\router\layer.js:71:5)
    at trim_prefix (D:\Workspace\Registration_Cli\node_modules\express\lib\router\index.js:326:13)
    at D:\Workspace\Registration_Cli\node_modules\express\lib\router\index.js:286:9
    at Function.process_params (D:\Workspace\Registration_Cli\node_modules\express\lib\router\index.js:346:12)
    at Immediate.next (D:\Workspace\Registration_Cli\node_modules\express\lib\router\index.js:280:10)
    at Immediate._onImmediate (D:\Workspace\Registration_Cli\node_modules\express\lib\router\index.js:646:15)
    at processImmediate (node:internal/timers:480:21) 
    url - /api/v1/users/createuser 
    method - POST 
    IP - ::1
   {"timestamp":"2024-08-08T10:58:22.003Z"}
info: Server started at http://localhost:4500/api/v1/ {"timestamp":"2024-08-08T11:06:47.918Z"}
info: Connected to the database. {"timestamp":"2024-08-08T11:06:47.964Z"}
error: 
    status - 500 
    message - ValidationError: User validation failed: confirmPassword: Path `confirmPassword` is required.
    at model.Document.invalidate (D:\Workspace\Registration_Cli\node_modules\mongoose\lib\document.js:2788:32)
    at D:\Workspace\Registration_Cli\node_modules\mongoose\lib\document.js:2580:17
    at D:\Workspace\Registration_Cli\node_modules\mongoose\lib\schematype.js:1273:9
    at processTicksAndRejections (node:internal/process/task_queues:77:11) 
    url - /api/v1/users/createuser 
    method - POST 
    IP - ::1
   {"timestamp":"2024-08-08T11:07:05.937Z"}
error: 
    status - 500 
    message - ValidationError: User validation failed: confirmPassword: Path `confirmPassword` is required.
    at model.Document.invalidate (D:\Workspace\Registration_Cli\node_modules\mongoose\lib\document.js:2788:32)
    at D:\Workspace\Registration_Cli\node_modules\mongoose\lib\document.js:2580:17
    at D:\Workspace\Registration_Cli\node_modules\mongoose\lib\schematype.js:1273:9
    at processTicksAndRejections (node:internal/process/task_queues:77:11) 
    url - /api/v1/users/createuser 
    method - POST 
    IP - ::1
   {"timestamp":"2024-08-08T11:07:16.570Z"}
error: 
    status - 500 
    message - ValidationError: User validation failed: confirmPassword: Path `confirmPassword` is required.
    at model.Document.invalidate (D:\Workspace\Registration_Cli\node_modules\mongoose\lib\document.js:2788:32)
    at D:\Workspace\Registration_Cli\node_modules\mongoose\lib\document.js:2580:17
    at D:\Workspace\Registration_Cli\node_modules\mongoose\lib\schematype.js:1273:9
    at processTicksAndRejections (node:internal/process/task_queues:77:11) 
    url - /api/v1/users/createuser 
    method - POST 
    IP - ::1
   {"timestamp":"2024-08-08T11:07:38.920Z"}
info: Server started at http://localhost:4500/api/v1/ {"timestamp":"2024-08-08T11:09:30.471Z"}
info: Connected to the database. {"timestamp":"2024-08-08T11:09:30.496Z"}
info: Server started at http://localhost:4500/api/v1/ {"timestamp":"2024-08-08T11:09:46.531Z"}
info: Connected to the database. {"timestamp":"2024-08-08T11:09:46.562Z"}
error: 
    status - 500 
    message - ValidationError: User validation failed: confirmPassword: Path `confirmPassword` is required.
    at model.Document.invalidate (D:\Workspace\Registration_Cli\node_modules\mongoose\lib\document.js:2788:32)
    at D:\Workspace\Registration_Cli\node_modules\mongoose\lib\document.js:2580:17
    at D:\Workspace\Registration_Cli\node_modules\mongoose\lib\schematype.js:1273:9
    at processTicksAndRejections (node:internal/process/task_queues:77:11) 
    url - /api/v1/users/createuser 
    method - POST 
    IP - ::1
   {"timestamp":"2024-08-08T11:10:08.691Z"}
error: 
    status - 500 
    message - ValidationError: User validation failed: confirmPassword: Path `confirmPassword` is required.
    at model.Document.invalidate (D:\Workspace\Registration_Cli\node_modules\mongoose\lib\document.js:2788:32)
    at D:\Workspace\Registration_Cli\node_modules\mongoose\lib\document.js:2580:17
    at D:\Workspace\Registration_Cli\node_modules\mongoose\lib\schematype.js:1273:9
    at processTicksAndRejections (node:internal/process/task_queues:77:11) 
    url - /api/v1/users/createuser 
    method - POST 
    IP - ::1
   {"timestamp":"2024-08-08T11:10:26.863Z"}
error: 
    status - 500 
    message - ValidationError: User validation failed: confirmPassword: Path `confirmPassword` is required.
    at model.Document.invalidate (D:\Workspace\Registration_Cli\node_modules\mongoose\lib\document.js:2788:32)
    at D:\Workspace\Registration_Cli\node_modules\mongoose\lib\document.js:2580:17
    at D:\Workspace\Registration_Cli\node_modules\mongoose\lib\schematype.js:1273:9
    at processTicksAndRejections (node:internal/process/task_queues:77:11) 
    url - /api/v1/users/createuser 
    method - POST 
    IP - ::1
   {"timestamp":"2024-08-08T11:12:23.242Z"}
info: Server started at http://localhost:4500/api/v1/ {"timestamp":"2024-08-08T11:55:20.512Z"}
info: Connected to the database. {"timestamp":"2024-08-08T11:55:20.538Z"}
error: 
    status - 500 
    message - ValidationError: User validation failed: confirmPassword: Path `confirmPassword` is required.
    at model.Document.invalidate (D:\Workspace\Registration_Cli\node_modules\mongoose\lib\document.js:2788:32)
    at D:\Workspace\Registration_Cli\node_modules\mongoose\lib\document.js:2580:17
    at D:\Workspace\Registration_Cli\node_modules\mongoose\lib\schematype.js:1273:9
    at processTicksAndRejections (node:internal/process/task_queues:77:11) 
    url - /api/v1/users/createuser 
    method - POST 
    IP - ::1
   {"timestamp":"2024-08-08T11:55:29.497Z"}
error: 
    status - 500 
    message - ValidationError: User validation failed: confirmPassword: Path `confirmPassword` is required.
    at model.Document.invalidate (D:\Workspace\Registration_Cli\node_modules\mongoose\lib\document.js:2788:32)
    at D:\Workspace\Registration_Cli\node_modules\mongoose\lib\document.js:2580:17
    at D:\Workspace\Registration_Cli\node_modules\mongoose\lib\schematype.js:1273:9
    at processTicksAndRejections (node:internal/process/task_queues:77:11) 
    url - /api/v1/users/createuser 
    method - POST 
    IP - ::1
   {"timestamp":"2024-08-08T11:55:52.643Z"}
info: Server started at http://localhost:4500/api/v1/ {"timestamp":"2024-08-08T11:56:10.387Z"}
info: Connected to the database. {"timestamp":"2024-08-08T11:56:10.416Z"}
error: 
      status - 11000
      message - E11000 duplicate key error collection: Registration_Cli.users index: Email_1 dup key: { Email: "tofabarman@gmail.com" } 
      url - /api/v1/users/createuser 
      method - POST 
      IP - ::1
     {"timestamp":"2024-08-08T11:56:28.578Z"}
error: 
    status - 500 
    message - RangeError: Invalid status code: 11000
    at ServerResponse.writeHead (node:_http_server:352:11)
    at ServerResponse.writeHead (D:\Workspace\Registration_Cli\node_modules\on-headers\index.js:44:26)
    at ServerResponse._implicitHeader (node:_http_server:338:8)
    at write_ (node:_http_outgoing:919:9)
    at ServerResponse.end (node:_http_outgoing:1030:5)
    at ServerResponse.send (D:\Workspace\Registration_Cli\node_modules\express\lib\response.js:233:10)
    at ServerResponse.json (D:\Workspace\Registration_Cli\node_modules\express\lib\response.js:279:15)
    at appErrorHandler (D:\Workspace\Registration_Cli\src\middlewares\/error.middleware.js:36:26)
    at Layer.handle_error (D:\Workspace\Registration_Cli\node_modules\express\lib\router\layer.js:71:5)
    at trim_prefix (D:\Workspace\Registration_Cli\node_modules\express\lib\router\index.js:326:13)
    at D:\Workspace\Registration_Cli\node_modules\express\lib\router\index.js:286:9
    at Function.process_params (D:\Workspace\Registration_Cli\node_modules\express\lib\router\index.js:346:12)
    at Immediate.next (D:\Workspace\Registration_Cli\node_modules\express\lib\router\index.js:280:10)
    at Immediate._onImmediate (D:\Workspace\Registration_Cli\node_modules\express\lib\router\index.js:646:15)
    at processImmediate (node:internal/timers:480:21) 
    url - /api/v1/users/createuser 
    method - POST 
    IP - ::1
   {"timestamp":"2024-08-08T11:56:28.585Z"}
info: Server started at http://localhost:4500/api/v1/ {"timestamp":"2024-08-08T11:58:06.456Z"}
info: Connected to the database. {"timestamp":"2024-08-08T11:58:06.492Z"}
error: 
    status - 500 
    message - ValidationError: User validation failed: confirmPassword: Path `confirmPassword` is required.
    at model.Document.invalidate (D:\Workspace\Registration_Cli\node_modules\mongoose\lib\document.js:2788:32)
    at D:\Workspace\Registration_Cli\node_modules\mongoose\lib\document.js:2580:17
    at D:\Workspace\Registration_Cli\node_modules\mongoose\lib\schematype.js:1273:9
    at processTicksAndRejections (node:internal/process/task_queues:77:11) 
    url - /api/v1/users/createuser 
    method - POST 
    IP - ::1
   {"timestamp":"2024-08-08T11:58:49.025Z"}
info: Server started at http://localhost:4500/api/v1/ {"timestamp":"2024-08-08T11:59:29.235Z"}
info: Connected to the database. {"timestamp":"2024-08-08T11:59:29.265Z"}
info: Server started at http://localhost:4500/api/v1/ {"timestamp":"2024-08-08T12:00:16.997Z"}
info: Connected to the database. {"timestamp":"2024-08-08T12:00:17.036Z"}
info: Server started at http://localhost:4500/api/v1/ {"timestamp":"2024-08-08T12:01:20.837Z"}
info: Connected to the database. {"timestamp":"2024-08-08T12:01:20.877Z"}
info: Server started at http://localhost:4500/api/v1/ {"timestamp":"2024-08-08T12:03:15.318Z"}
info: Connected to the database. {"timestamp":"2024-08-08T12:03:15.352Z"}
info: Server started at http://localhost:4500/api/v1/ {"timestamp":"2024-08-08T12:03:26.230Z"}
info: Connected to the database. {"timestamp":"2024-08-08T12:03:26.256Z"}
info: Server started at http://localhost:4500/api/v1/ {"timestamp":"2024-08-08T12:04:27.408Z"}
info: Connected to the database. {"timestamp":"2024-08-08T12:04:27.438Z"}
info: Server started at http://localhost:4500/api/v1/ {"timestamp":"2024-08-08T12:06:33.715Z"}
info: Connected to the database. {"timestamp":"2024-08-08T12:06:33.746Z"}
info: Server started at http://localhost:4500/api/v1/ {"timestamp":"2024-08-08T12:10:50.564Z"}
info: Connected to the database. {"timestamp":"2024-08-08T12:10:50.586Z"}
error: 
    status - 500 
    message - ReferenceError: Password is not defined
    at newUserValidator (D:\Workspace\Registration_Cli\src\validators\/user.validator.js:14:3)
    at Layer.handle [as handle_request] (D:\Workspace\Registration_Cli\node_modules\express\lib\router\layer.js:95:5)
    at next (D:\Workspace\Registration_Cli\node_modules\express\lib\router\route.js:149:13)
    at Route.dispatch (D:\Workspace\Registration_Cli\node_modules\express\lib\router\route.js:119:3)
    at Layer.handle [as handle_request] (D:\Workspace\Registration_Cli\node_modules\express\lib\router\layer.js:95:5)
    at D:\Workspace\Registration_Cli\node_modules\express\lib\router\index.js:284:15
    at Function.process_params (D:\Workspace\Registration_Cli\node_modules\express\lib\router\index.js:346:12)
    at next (D:\Workspace\Registration_Cli\node_modules\express\lib\router\index.js:280:10)
    at Function.handle (D:\Workspace\Registration_Cli\node_modules\express\lib\router\index.js:175:3)
    at router (D:\Workspace\Registration_Cli\node_modules\express\lib\router\index.js:47:12)
    at Layer.handle [as handle_request] (D:\Workspace\Registration_Cli\node_modules\express\lib\router\layer.js:95:5)
    at trim_prefix (D:\Workspace\Registration_Cli\node_modules\express\lib\router\index.js:328:13)
    at D:\Workspace\Registration_Cli\node_modules\express\lib\router\index.js:286:9
    at Function.process_params (D:\Workspace\Registration_Cli\node_modules\express\lib\router\index.js:346:12)
    at next (D:\Workspace\Registration_Cli\node_modules\express\lib\router\index.js:280:10)
    at Function.handle (D:\Workspace\Registration_Cli\node_modules\express\lib\router\index.js:175:3)
    at router (D:\Workspace\Registration_Cli\node_modules\express\lib\router\index.js:47:12)
    at Layer.handle [as handle_request] (D:\Workspace\Registration_Cli\node_modules\express\lib\router\layer.js:95:5)
    at trim_prefix (D:\Workspace\Registration_Cli\node_modules\express\lib\router\index.js:328:13)
    at D:\Workspace\Registration_Cli\node_modules\express\lib\router\index.js:286:9
    at Function.process_params (D:\Workspace\Registration_Cli\node_modules\express\lib\router\index.js:346:12)
    at next (D:\Workspace\Registration_Cli\node_modules\express\lib\router\index.js:280:10)
    at logger (D:\Workspace\Registration_Cli\node_modules\morgan\index.js:144:5)
    at Layer.handle [as handle_request] (D:\Workspace\Registration_Cli\node_modules\express\lib\router\layer.js:95:5)
    at trim_prefix (D:\Workspace\Registration_Cli\node_modules\express\lib\router\index.js:328:13)
    at D:\Workspace\Registration_Cli\node_modules\express\lib\router\index.js:286:9
    at Function.process_params (D:\Workspace\Registration_Cli\node_modules\express\lib\router\index.js:346:12)
    at next (D:\Workspace\Registration_Cli\node_modules\express\lib\router\index.js:280:10)
    at D:\Workspace\Registration_Cli\node_modules\body-parser\lib\read.js:137:5
    at AsyncResource.runInAsyncScope (node:async_hooks:206:9)
    at invokeCallback (D:\Workspace\Registration_Cli\node_modules\raw-body\index.js:238:16)
    at done (D:\Workspace\Registration_Cli\node_modules\raw-body\index.js:227:7)
    at IncomingMessage.onEnd (D:\Workspace\Registration_Cli\node_modules\raw-body\index.js:287:7)
    at IncomingMessage.emit (node:events:518:28)
    at IncomingMessage.emit (node:domain:488:12)
    at endReadableNT (node:internal/streams/readable:1696:12)
    at processTicksAndRejections (node:internal/process/task_queues:82:21) 
    url - /api/v1/users/createuser 
    method - POST 
    IP - ::1
   {"timestamp":"2024-08-08T12:11:07.033Z"}
info: Server started at http://localhost:4500/api/v1/ {"timestamp":"2024-08-08T12:12:56.195Z"}
info: Connected to the database. {"timestamp":"2024-08-08T12:12:56.219Z"}
info: Server started at http://localhost:4500/api/v1/ {"timestamp":"2024-08-08T12:14:43.958Z"}
info: Connected to the database. {"timestamp":"2024-08-08T12:14:43.991Z"}
error: 
    status - 500 
    message - ReferenceError: userSchema is not defined
    at newUserValidator (D:\Workspace\Registration_Cli\src\validators\/user.validator.js:20:3)
    at Layer.handle [as handle_request] (D:\Workspace\Registration_Cli\node_modules\express\lib\router\layer.js:95:5)
    at next (D:\Workspace\Registration_Cli\node_modules\express\lib\router\route.js:149:13)
    at Route.dispatch (D:\Workspace\Registration_Cli\node_modules\express\lib\router\route.js:119:3)
    at Layer.handle [as handle_request] (D:\Workspace\Registration_Cli\node_modules\express\lib\router\layer.js:95:5)
    at D:\Workspace\Registration_Cli\node_modules\express\lib\router\index.js:284:15
    at Function.process_params (D:\Workspace\Registration_Cli\node_modules\express\lib\router\index.js:346:12)
    at next (D:\Workspace\Registration_Cli\node_modules\express\lib\router\index.js:280:10)
    at Function.handle (D:\Workspace\Registration_Cli\node_modules\express\lib\router\index.js:175:3)
    at router (D:\Workspace\Registration_Cli\node_modules\express\lib\router\index.js:47:12)
    at Layer.handle [as handle_request] (D:\Workspace\Registration_Cli\node_modules\express\lib\router\layer.js:95:5)
    at trim_prefix (D:\Workspace\Registration_Cli\node_modules\express\lib\router\index.js:328:13)
    at D:\Workspace\Registration_Cli\node_modules\express\lib\router\index.js:286:9
    at Function.process_params (D:\Workspace\Registration_Cli\node_modules\express\lib\router\index.js:346:12)
    at next (D:\Workspace\Registration_Cli\node_modules\express\lib\router\index.js:280:10)
    at Function.handle (D:\Workspace\Registration_Cli\node_modules\express\lib\router\index.js:175:3)
    at router (D:\Workspace\Registration_Cli\node_modules\express\lib\router\index.js:47:12)
    at Layer.handle [as handle_request] (D:\Workspace\Registration_Cli\node_modules\express\lib\router\layer.js:95:5)
    at trim_prefix (D:\Workspace\Registration_Cli\node_modules\express\lib\router\index.js:328:13)
    at D:\Workspace\Registration_Cli\node_modules\express\lib\router\index.js:286:9
    at Function.process_params (D:\Workspace\Registration_Cli\node_modules\express\lib\router\index.js:346:12)
    at next (D:\Workspace\Registration_Cli\node_modules\express\lib\router\index.js:280:10)
    at logger (D:\Workspace\Registration_Cli\node_modules\morgan\index.js:144:5)
    at Layer.handle [as handle_request] (D:\Workspace\Registration_Cli\node_modules\express\lib\router\layer.js:95:5)
    at trim_prefix (D:\Workspace\Registration_Cli\node_modules\express\lib\router\index.js:328:13)
    at D:\Workspace\Registration_Cli\node_modules\express\lib\router\index.js:286:9
    at Function.process_params (D:\Workspace\Registration_Cli\node_modules\express\lib\router\index.js:346:12)
    at next (D:\Workspace\Registration_Cli\node_modules\express\lib\router\index.js:280:10)
    at D:\Workspace\Registration_Cli\node_modules\body-parser\lib\read.js:137:5
    at AsyncResource.runInAsyncScope (node:async_hooks:206:9)
    at invokeCallback (D:\Workspace\Registration_Cli\node_modules\raw-body\index.js:238:16)
    at done (D:\Workspace\Registration_Cli\node_modules\raw-body\index.js:227:7)
    at IncomingMessage.onEnd (D:\Workspace\Registration_Cli\node_modules\raw-body\index.js:287:7)
    at IncomingMessage.emit (node:events:518:28)
    at IncomingMessage.emit (node:domain:488:12)
    at endReadableNT (node:internal/streams/readable:1696:12)
    at processTicksAndRejections (node:internal/process/task_queues:82:21) 
    url - /api/v1/users/createuser 
    method - POST 
    IP - ::1
   {"timestamp":"2024-08-08T12:14:50.386Z"}
info: Server started at http://localhost:4500/api/v1/ {"timestamp":"2024-08-08T12:15:26.899Z"}
info: Connected to the database. {"timestamp":"2024-08-08T12:15:26.924Z"}
error: 
    status - 500 
    message - TypeError: schema.pre is not a function
    at newUserValidator (D:\Workspace\Registration_Cli\src\validators\/user.validator.js:20:10)
    at Layer.handle [as handle_request] (D:\Workspace\Registration_Cli\node_modules\express\lib\router\layer.js:95:5)
    at next (D:\Workspace\Registration_Cli\node_modules\express\lib\router\route.js:149:13)
    at Route.dispatch (D:\Workspace\Registration_Cli\node_modules\express\lib\router\route.js:119:3)
    at Layer.handle [as handle_request] (D:\Workspace\Registration_Cli\node_modules\express\lib\router\layer.js:95:5)
    at D:\Workspace\Registration_Cli\node_modules\express\lib\router\index.js:284:15
    at Function.process_params (D:\Workspace\Registration_Cli\node_modules\express\lib\router\index.js:346:12)
    at next (D:\Workspace\Registration_Cli\node_modules\express\lib\router\index.js:280:10)
    at Function.handle (D:\Workspace\Registration_Cli\node_modules\express\lib\router\index.js:175:3)
    at router (D:\Workspace\Registration_Cli\node_modules\express\lib\router\index.js:47:12)
    at Layer.handle [as handle_request] (D:\Workspace\Registration_Cli\node_modules\express\lib\router\layer.js:95:5)
    at trim_prefix (D:\Workspace\Registration_Cli\node_modules\express\lib\router\index.js:328:13)
    at D:\Workspace\Registration_Cli\node_modules\express\lib\router\index.js:286:9
    at Function.process_params (D:\Workspace\Registration_Cli\node_modules\express\lib\router\index.js:346:12)
    at next (D:\Workspace\Registration_Cli\node_modules\express\lib\router\index.js:280:10)
    at Function.handle (D:\Workspace\Registration_Cli\node_modules\express\lib\router\index.js:175:3)
    at router (D:\Workspace\Registration_Cli\node_modules\express\lib\router\index.js:47:12)
    at Layer.handle [as handle_request] (D:\Workspace\Registration_Cli\node_modules\express\lib\router\layer.js:95:5)
    at trim_prefix (D:\Workspace\Registration_Cli\node_modules\express\lib\router\index.js:328:13)
    at D:\Workspace\Registration_Cli\node_modules\express\lib\router\index.js:286:9
    at Function.process_params (D:\Workspace\Registration_Cli\node_modules\express\lib\router\index.js:346:12)
    at next (D:\Workspace\Registration_Cli\node_modules\express\lib\router\index.js:280:10)
    at logger (D:\Workspace\Registration_Cli\node_modules\morgan\index.js:144:5)
    at Layer.handle [as handle_request] (D:\Workspace\Registration_Cli\node_modules\express\lib\router\layer.js:95:5)
    at trim_prefix (D:\Workspace\Registration_Cli\node_modules\express\lib\router\index.js:328:13)
    at D:\Workspace\Registration_Cli\node_modules\express\lib\router\index.js:286:9
    at Function.process_params (D:\Workspace\Registration_Cli\node_modules\express\lib\router\index.js:346:12)
    at next (D:\Workspace\Registration_Cli\node_modules\express\lib\router\index.js:280:10)
    at D:\Workspace\Registration_Cli\node_modules\body-parser\lib\read.js:137:5
    at AsyncResource.runInAsyncScope (node:async_hooks:206:9)
    at invokeCallback (D:\Workspace\Registration_Cli\node_modules\raw-body\index.js:238:16)
    at done (D:\Workspace\Registration_Cli\node_modules\raw-body\index.js:227:7)
    at IncomingMessage.onEnd (D:\Workspace\Registration_Cli\node_modules\raw-body\index.js:287:7)
    at IncomingMessage.emit (node:events:518:28)
    at IncomingMessage.emit (node:domain:488:12)
    at endReadableNT (node:internal/streams/readable:1696:12)
    at processTicksAndRejections (node:internal/process/task_queues:82:21) 
    url - /api/v1/users/createuser 
    method - POST 
    IP - ::1
   {"timestamp":"2024-08-08T12:15:32.236Z"}
info: Server started at http://localhost:4500/api/v1/ {"timestamp":"2024-08-08T12:17:40.883Z"}
info: Connected to the database. {"timestamp":"2024-08-08T12:17:40.908Z"}
error: 
      status - 11000
      message - E11000 duplicate key error collection: Registration_Cli.users index: Email_1 dup key: { Email: "smitaG@gmail.com" } 
      url - /api/v1/users/createuser 
      method - POST 
      IP - ::1
     {"timestamp":"2024-08-08T12:17:59.356Z"}
error: 
    status - 500 
    message - RangeError: Invalid status code: 11000
    at ServerResponse.writeHead (node:_http_server:352:11)
    at ServerResponse.writeHead (D:\Workspace\Registration_Cli\node_modules\on-headers\index.js:44:26)
    at ServerResponse._implicitHeader (node:_http_server:338:8)
    at write_ (node:_http_outgoing:919:9)
    at ServerResponse.end (node:_http_outgoing:1030:5)
    at ServerResponse.send (D:\Workspace\Registration_Cli\node_modules\express\lib\response.js:233:10)
    at ServerResponse.json (D:\Workspace\Registration_Cli\node_modules\express\lib\response.js:279:15)
    at appErrorHandler (D:\Workspace\Registration_Cli\src\middlewares\/error.middleware.js:36:26)
    at Layer.handle_error (D:\Workspace\Registration_Cli\node_modules\express\lib\router\layer.js:71:5)
    at trim_prefix (D:\Workspace\Registration_Cli\node_modules\express\lib\router\index.js:326:13)
    at D:\Workspace\Registration_Cli\node_modules\express\lib\router\index.js:286:9
    at Function.process_params (D:\Workspace\Registration_Cli\node_modules\express\lib\router\index.js:346:12)
    at Immediate.next (D:\Workspace\Registration_Cli\node_modules\express\lib\router\index.js:280:10)
    at Immediate._onImmediate (D:\Workspace\Registration_Cli\node_modules\express\lib\router\index.js:646:15)
    at processImmediate (node:internal/timers:480:21) 
    url - /api/v1/users/createuser 
    method - POST 
    IP - ::1
   {"timestamp":"2024-08-08T12:17:59.373Z"}
