info: ::1 - - [08/Aug/2024:10:06:50 +0000] "GET /api/v1/ HTTP/1.1" 200 9 "-" "Mozilla/5.0 (Windows NT 10.0; Win64; x64) AppleWebKit/537.36 (KHTML, like Gecko) Chrome/127.0.0.0 Safari/537.36"

info: ::1 - - [08/Aug/2024:10:06:51 +0000] "GET /favicon.ico HTTP/1.1" 404 47 "-" "Mozilla/5.0 (Windows NT 10.0; Win64; x64) AppleWebKit/537.36 (KHTML, like Gecko) Chrome/127.0.0.0 Safari/537.36"

info: ::1 - - [08/Aug/2024:10:52:44 +0000] "POST /api/v1/users/createuser HTTP/1.1" 500 89 "-" "PostmanRuntime/7.41.0"

info: ::1 - - [08/Aug/2024:10:53:15 +0000] "POST /api/v1/users/createuser HTTP/1.1" 500 111 "-" "PostmanRuntime/7.41.0"

info: ::1 - - [08/Aug/2024:10:56:01 +0000] "POST /api/v1/users/createuser HTTP/1.1" 201 286 "-" "PostmanRuntime/7.41.0"

info: ::1 - - [08/Aug/2024:10:58:07 +0000] "POST /api/v1/users/createuser HTTP/1.1" 201 283 "-" "PostmanRuntime/7.41.0"

info: ::1 - - [08/Aug/2024:10:58:22 +0000] "POST /api/v1/users/createuser HTTP/1.1" 500 61 "-" "PostmanRuntime/7.41.0"

info: ::1 - - [08/Aug/2024:10:59:12 +0000] "POST /api/v1/users/createuser HTTP/1.1" 201 283 "-" "PostmanRuntime/7.41.0"

info: ::1 - - [08/Aug/2024:11:07:05 +0000] "POST /api/v1/users/createuser HTTP/1.1" 500 111 "-" "PostmanRuntime/7.41.0"

info: ::1 - - [08/Aug/2024:11:07:16 +0000] "POST /api/v1/users/createuser HTTP/1.1" 500 111 "-" "PostmanRuntime/7.41.0"

info: ::1 - - [08/Aug/2024:11:07:38 +0000] "POST /api/v1/users/createuser HTTP/1.1" 500 111 "-" "PostmanRuntime/7.41.0"

info: ::1 - - [08/Aug/2024:11:10:08 +0000] "POST /api/v1/users/createuser HTTP/1.1" 500 111 "-" "PostmanRuntime/7.41.0"

info: ::1 - - [08/Aug/2024:11:10:26 +0000] "POST /api/v1/users/createuser HTTP/1.1" 500 111 "-" "PostmanRuntime/7.41.0"

info: ::1 - - [08/Aug/2024:11:12:23 +0000] "POST /api/v1/users/createuser HTTP/1.1" 500 111 "-" "PostmanRuntime/7.41.0"

info: ::1 - - [08/Aug/2024:11:55:29 +0000] "POST /api/v1/users/createuser HTTP/1.1" 500 111 "-" "PostmanRuntime/7.41.0"

info: ::1 - - [08/Aug/2024:11:55:52 +0000] "POST /api/v1/users/createuser HTTP/1.1" 500 111 "-" "PostmanRuntime/7.41.0"

info: ::1 - - [08/Aug/2024:11:56:17 +0000] "POST /api/v1/users/createuser HTTP/1.1" 201 284 "-" "PostmanRuntime/7.41.0"

info: ::1 - - [08/Aug/2024:11:56:28 +0000] "POST /api/v1/users/createuser HTTP/1.1" 500 61 "-" "PostmanRuntime/7.41.0"

info: ::1 - - [08/Aug/2024:11:58:49 +0000] "POST /api/v1/users/createuser HTTP/1.1" 500 111 "-" "PostmanRuntime/7.41.0"

info: ::1 - - [08/Aug/2024:12:06:46 +0000] "POST /api/v1/users/createuser HTTP/1.1" 201 281 "-" "PostmanRuntime/7.41.0"

info: ::1 - - [08/Aug/2024:12:11:07 +0000] "POST /api/v1/users/createuser HTTP/1.1" 500 58 "-" "PostmanRuntime/7.41.0"

info: ::1 - - [08/Aug/2024:12:13:01 +0000] "POST /api/v1/users/createuser HTTP/1.1" 404 47 "-" "PostmanRuntime/7.41.0"

info: ::1 - - [08/Aug/2024:12:14:50 +0000] "POST /api/v1/users/createuser HTTP/1.1" 500 60 "-" "PostmanRuntime/7.41.0"

info: ::1 - - [08/Aug/2024:12:15:32 +0000] "POST /api/v1/users/createuser HTTP/1.1" 500 63 "-" "PostmanRuntime/7.41.0"

info: ::1 - - [08/Aug/2024:12:17:59 +0000] "POST /api/v1/users/createuser HTTP/1.1" 500 61 "-" "PostmanRuntime/7.41.0"

info: ::1 - - [08/Aug/2024:12:18:52 +0000] "POST /api/v1/users/createuser HTTP/1.1" 201 284 "-" "PostmanRuntime/7.41.0"

info: ::1 - - [08/Aug/2024:12:20:15 +0000] "POST /api/v1/users/createuser HTTP/1.1" 201 282 "-" "PostmanRuntime/7.41.0"

info: ::1 - - [08/Aug/2024:12:21:52 +0000] "POST /api/v1/users/createuser HTTP/1.1" 201 282 "-" "PostmanRuntime/7.41.0"

info: ::1 - - [09/Aug/2024:05:20:51 +0000] "POST /api/v1/users/createuser HTTP/1.1" 201 282 "-" "PostmanRuntime/7.41.0"

info: ::1 - - [09/Aug/2024:05:46:39 +0000] "POST /api/v1/users/createuser HTTP/1.1" 500 66 "-" "PostmanRuntime/7.41.0"

info: ::1 - - [09/Aug/2024:05:48:10 +0000] "POST /api/v1/users/createuser HTTP/1.1" 500 66 "-" "PostmanRuntime/7.41.0"

info: ::1 - - [09/Aug/2024:05:48:19 +0000] "POST /api/v1/users/createuser HTTP/1.1" 500 66 "-" "PostmanRuntime/7.41.0"

info: ::1 - - [09/Aug/2024:05:49:13 +0000] "POST /api/v1/users/createuser HTTP/1.1" 500 66 "-" "PostmanRuntime/7.41.0"

info: ::1 - - [09/Aug/2024:05:49:45 +0000] "POST /api/v1/users/createuser HTTP/1.1" 500 69 "-" "PostmanRuntime/7.41.0"

info: ::1 - - [09/Aug/2024:05:49:54 +0000] "POST /api/v1/users/createuser HTTP/1.1" 500 69 "-" "PostmanRuntime/7.41.0"

info: ::1 - - [09/Aug/2024:05:50:01 +0000] "POST /api/v1/users/createuser HTTP/1.1" 500 69 "-" "PostmanRuntime/7.41.0"

info: ::1 - - [09/Aug/2024:05:51:24 +0000] "POST /api/v1/users/createuser HTTP/1.1" 500 66 "-" "PostmanRuntime/7.41.0"

info: ::1 - - [09/Aug/2024:05:52:21 +0000] "POST /api/v1/users/createuser HTTP/1.1" 500 66 "-" "PostmanRuntime/7.41.0"

info: ::1 - - [09/Aug/2024:05:52:51 +0000] "POST /api/v1/users/createuser HTTP/1.1" 500 66 "-" "PostmanRuntime/7.41.0"

info: ::1 - - [09/Aug/2024:05:52:58 +0000] "POST /api/v1/users/createuser HTTP/1.1" 500 66 "-" "PostmanRuntime/7.41.0"

info: ::1 - - [09/Aug/2024:05:53:21 +0000] "POST /api/v1/users/createuser HTTP/1.1" 500 66 "-" "PostmanRuntime/7.41.0"

info: ::1 - - [09/Aug/2024:05:58:24 +0000] "POST /api/v1/users/createuser HTTP/1.1" 500 62 "-" "PostmanRuntime/7.41.0"

info: ::1 - - [09/Aug/2024:05:59:44 +0000] "POST /api/v1/users/createuser HTTP/1.1" 500 67 "-" "PostmanRuntime/7.41.0"

info: ::1 - - [09/Aug/2024:05:59:50 +0000] "POST /api/v1/users/createuser HTTP/1.1" 500 67 "-" "PostmanRuntime/7.41.0"

info: ::1 - - [09/Aug/2024:06:00:13 +0000] "POST /api/v1/users/createuser HTTP/1.1" 500 67 "-" "PostmanRuntime/7.41.0"

info: ::1 - - [09/Aug/2024:06:00:27 +0000] "POST /api/v1/users/createuser HTTP/1.1" 500 67 "-" "PostmanRuntime/7.41.0"

info: ::1 - - [09/Aug/2024:06:01:07 +0000] "POST /api/v1/users/createuser HTTP/1.1" 500 67 "-" "PostmanRuntime/7.41.0"

info: ::1 - - [09/Aug/2024:06:01:11 +0000] "POST /api/v1/users/createuser HTTP/1.1" 500 67 "-" "PostmanRuntime/7.41.0"

info: ::1 - - [09/Aug/2024:06:07:57 +0000] "POST /api/v1/users/createuser HTTP/1.1" 500 71 "-" "PostmanRuntime/7.41.0"

info: ::1 - - [09/Aug/2024:06:08:15 +0000] "POST /api/v1/users/createuser HTTP/1.1" 500 71 "-" "PostmanRuntime/7.41.0"

info: ::1 - - [09/Aug/2024:06:08:46 +0000] "POST /api/v1/users/createuser HTTP/1.1" 500 71 "-" "PostmanRuntime/7.41.0"

info: ::1 - - [09/Aug/2024:06:12:34 +0000] "POST /api/v1/users/createuser HTTP/1.1" 500 71 "-" "PostmanRuntime/7.41.0"

info: ::1 - - [09/Aug/2024:08:00:12 +0000] "POST /api/v1/users/createuser HTTP/1.1" 500 71 "-" "PostmanRuntime/7.41.0"

info: ::1 - - [09/Aug/2024:08:00:38 +0000] "POST /api/v1/users/createuser HTTP/1.1" 201 288 "-" "PostmanRuntime/7.41.0"

info: ::1 - - [09/Aug/2024:08:35:22 +0000] "POST /api/v1/users/createuser HTTP/1.1" 500 58 "-" "PostmanRuntime/7.41.0"

info: ::1 - - [09/Aug/2024:08:36:02 +0000] "POST /api/v1/users/createuser HTTP/1.1" 500 71 "-" "PostmanRuntime/7.41.0"

info: ::1 - - [09/Aug/2024:08:40:42 +0000] "POST /api/v1/users/createuser HTTP/1.1" 500 61 "-" "PostmanRuntime/7.41.0"

info: ::1 - - [09/Aug/2024:08:48:05 +0000] "POST /api/v1/users/createuser HTTP/1.1" 500 61 "-" "PostmanRuntime/7.41.0"

info: ::1 - - [09/Aug/2024:08:58:08 +0000] "POST /api/v1/users/createuser HTTP/1.1" 500 94 "-" "PostmanRuntime/7.41.0"

info: ::1 - - [09/Aug/2024:08:58:20 +0000] "POST /api/v1/users/createuser HTTP/1.1" 201 284 "-" "PostmanRuntime/7.41.0"

info: ::1 - - [09/Aug/2024:08:58:47 +0000] "POST /api/v1/users/createuser HTTP/1.1" 500 66 "-" "PostmanRuntime/7.41.0"

info: ::1 - - [09/Aug/2024:09:03:01 +0000] "POST /api/v1/users/createuser HTTP/1.1" 500 60 "-" "PostmanRuntime/7.41.0"

info: ::1 - - [09/Aug/2024:09:03:36 +0000] "POST /api/v1/users/createuser HTTP/1.1" 500 71 "-" "PostmanRuntime/7.41.0"

info: ::1 - - [09/Aug/2024:09:04:34 +0000] "POST /api/v1/users/createuser HTTP/1.1" 500 71 "-" "PostmanRuntime/7.41.0"

info: ::1 - - [09/Aug/2024:09:05:55 +0000] "POST /api/v1/users/createuser HTTP/1.1" 500 55 "-" "PostmanRuntime/7.41.0"

info: ::1 - - [09/Aug/2024:09:06:57 +0000] "POST /api/v1/users/createuser HTTP/1.1" 500 55 "-" "PostmanRuntime/7.41.0"

info: ::1 - - [09/Aug/2024:09:07:55 +0000] "POST /api/v1/users/createuser HTTP/1.1" 500 71 "-" "PostmanRuntime/7.41.0"

info: ::1 - - [09/Aug/2024:09:11:48 +0000] "POST /api/v1/users/createuser HTTP/1.1" 500 71 "-" "PostmanRuntime/7.41.0"

info: ::1 - - [09/Aug/2024:09:14:56 +0000] "POST /api/v1/users/createuser HTTP/1.1" 201 334 "-" "PostmanRuntime/7.41.0"

info: ::1 - - [09/Aug/2024:09:16:03 +0000] "POST /api/v1/users/createuser HTTP/1.1" 500 60 "-" "PostmanRuntime/7.41.0"

info: ::1 - - [09/Aug/2024:09:17:16 +0000] "POST /api/v1/users/createuser HTTP/1.1" 500 60 "-" "PostmanRuntime/7.41.0"

info: ::1 - - [09/Aug/2024:09:18:14 +0000] "POST /api/v1/users/createuser HTTP/1.1" 201 336 "-" "PostmanRuntime/7.41.0"

info: ::1 - - [12/Aug/2024:09:04:14 +0000] "POST /api/v1/users/createuser HTTP/1.1" 500 66 "-" "PostmanRuntime/7.41.0"

info: ::1 - - [12/Aug/2024:09:04:27 +0000] "POST /api/v1/users/createuser HTTP/1.1" 500 66 "-" "PostmanRuntime/7.41.0"

info: ::1 - - [12/Aug/2024:09:04:37 +0000] "POST /api/v1/users/createuser HTTP/1.1" 201 335 "-" "PostmanRuntime/7.41.0"

info: ::1 - - [13/Aug/2024:11:41:56 +0000] "POST /api/v1/users/login HTTP/1.1" 404 47 "-" "PostmanRuntime/7.41.0"

info: ::1 - - [13/Aug/2024:12:43:32 +0000] "POST /api/v1/users/createuser HTTP/1.1" - - "-" "PostmanRuntime/7.41.0"

info: ::1 - - [13/Aug/2024:12:47:30 +0000] "POST /api/v1/users/createuser HTTP/1.1" 201 330 "-" "PostmanRuntime/7.41.0"

info: ::1 - - [13/Aug/2024:13:09:49 +0000] "POST /api/v1/users/login HTTP/1.1" 500 19 "-" "PostmanRuntime/7.41.0"

info: ::1 - - [13/Aug/2024:13:11:44 +0000] "POST /api/v1/users/createuser HTTP/1.1" 201 327 "-" "PostmanRuntime/7.41.0"

info: ::1 - - [13/Aug/2024:13:12:25 +0000] "POST /api/v1/users/login HTTP/1.1" 500 19 "-" "PostmanRuntime/7.41.0"

info: ::1 - - [13/Aug/2024:13:13:22 +0000] "POST /api/v1/users/login HTTP/1.1" 500 19 "-" "PostmanRuntime/7.41.0"

info: ::1 - - [13/Aug/2024:13:13:50 +0000] "POST /api/v1/users/login HTTP/1.1" 500 22 "-" "PostmanRuntime/7.41.0"

info: ::1 - - [13/Aug/2024:13:15:35 +0000] "POST /api/v1/users/login HTTP/1.1" 500 22 "-" "PostmanRuntime/7.41.0"

info: ::1 - - [13/Aug/2024:13:16:38 +0000] "POST /api/v1/users/createuser HTTP/1.1" 201 326 "-" "PostmanRuntime/7.41.0"

info: ::1 - - [13/Aug/2024:13:17:14 +0000] "POST /api/v1/users/login HTTP/1.1" 500 22 "-" "PostmanRuntime/7.41.0"

info: ::1 - - [13/Aug/2024:13:18:27 +0000] "POST /api/v1/users/login HTTP/1.1" 400 56 "-" "PostmanRuntime/7.41.0"

info: ::1 - - [13/Aug/2024:13:22:12 +0000] "POST /api/v1/users/login HTTP/1.1" 500 44 "-" "PostmanRuntime/7.41.0"

info: ::1 - - [13/Aug/2024:13:27:14 +0000] "POST /api/v1/users/login HTTP/1.1" 401 50 "-" "PostmanRuntime/7.41.0"

info: ::1 - - [13/Aug/2024:13:40:19 +0000] "POST /api/v1/users/login HTTP/1.1" 401 61 "-" "PostmanRuntime/7.41.0"

info: ::1 - - [13/Aug/2024:13:42:09 +0000] "POST /api/v1/users/login HTTP/1.1" 401 39 "-" "PostmanRuntime/7.41.0"

info: ::1 - - [13/Aug/2024:13:42:17 +0000] "POST /api/v1/users/login HTTP/1.1" 401 39 "-" "PostmanRuntime/7.41.0"

info: ::1 - - [13/Aug/2024:13:47:17 +0000] "POST /api/v1/users/createuser HTTP/1.1" 201 327 "-" "PostmanRuntime/7.41.0"

info: ::1 - - [13/Aug/2024:13:49:22 +0000] "GET /api/v1/ HTTP/1.1" 200 27 "-" "Mozilla/5.0 (Windows NT 10.0; Win64; x64) AppleWebKit/537.36 (KHTML, like Gecko) Chrome/127.0.0.0 Safari/537.36"

info: ::1 - - [13/Aug/2024:13:49:23 +0000] "GET /favicon.ico HTTP/1.1" 404 47 "-" "Mozilla/5.0 (Windows NT 10.0; Win64; x64) AppleWebKit/537.36 (KHTML, like Gecko) Chrome/127.0.0.0 Safari/537.36"

info: ::1 - - [14/Aug/2024:06:20:17 +0000] "POST /api/v1/users/login HTTP/1.1" 401 43 "-" "PostmanRuntime/7.41.1"

info: ::1 - - [14/Aug/2024:06:25:59 +0000] "POST /api/v1/users/login HTTP/1.1" 200 393 "-" "PostmanRuntime/7.41.1"

info: ::1 - - [14/Aug/2024:06:27:36 +0000] "POST /api/v1/users/login HTTP/1.1" 200 500 "-" "PostmanRuntime/7.41.1"

info: ::1 - - [14/Aug/2024:06:30:04 +0000] "POST /api/v1/users/login HTTP/1.1" 200 167 "-" "PostmanRuntime/7.41.1"

info: ::1 - - [14/Aug/2024:06:30:39 +0000] "POST /api/v1/users/login HTTP/1.1" 200 167 "-" "PostmanRuntime/7.41.1"

info: ::1 - - [14/Aug/2024:06:30:52 +0000] "POST /api/v1/users/login HTTP/1.1" 200 167 "-" "PostmanRuntime/7.41.1"

info: ::1 - - [14/Aug/2024:06:31:31 +0000] "POST /api/v1/users/login HTTP/1.1" 200 393 "-" "PostmanRuntime/7.41.1"

